T405CC 3483:866 SEGGER J-Link V6.34f Log File (0000ms, 56497ms total)
T405CC 3483:866 DLL Compiled: Sep  5 2018 13:25:28 (0000ms, 56497ms total)
T405CC 3483:866 Logging started @ 2020-12-09 00:26 (0000ms, 56497ms total)
T405CC 3483:873 JLINK_ExecCommand("Device = ATSAMD21E17A", ...). Device "ATSAMD21E17" selected.  returns 0x00 (0001ms, 56498ms total)
T405CC 3483:874 JLINK_TIF_Select(JLINKARM_TIF_SWD)  returns 0x00 (0000ms, 56498ms total)
T405CC 3483:874 JLINK_SetSpeed(4000) (0000ms, 56498ms total)
T405CC 3483:874 JLINK_ResetPullsRESET(OFF) (0000ms, 56498ms total)
T405CC 3483:874 JLINK_Connect()InitTarget() >0x10B TIF>Found SW-DP with ID 0x0BC11477 >0x0D TIF> >0x28 TIF> >0x0D TIF> >0x28 TIF> >0x0D TIF> >0x28 TIF> >0x0D TIF> >0x28 TIF> >0x0D TIF> >0x21 TIF> >0x0D TIF> >0x28 TIF>Scanning AP map to find all available APs >0x0D TIF> >0x28 TIF> >0x0D TIF> >0x21 TIF> >0x0D TIF> >0x21 TIF> >0x0D TIF> >0x28 TIF> >0x0D TIF> >0x21 TIF> >0x0D TIF> >0x21 TIF>AP[1]: Stopped AP scan as end of AP map has been reachedAP[0]: AHB-AP (IDR: 0x04770031)
Iterating through AP map to find AHB-AP to use >0x42 TIF> >0x28 TIF> >0x0D TIF> >0x28 TIF> >0x0D TIF> >0x21 TIF> >0x0D TIF> >0x21 TIF> >0x42 TIF> >0x28 TIF> >0x0D TIF> >0x28 TIF> >0x0D TIF> >0x28 TIF> >0x0D TIF> >0x21 TIF> >0x0D TIF> >0x21 TIF>AP[0]: Core foundAP[0]: AHB-AP ROM base: 0x41003000 >0x0D TIF> >0x28 TIF> >0x0D TIF> >0x28 TIF> >0x0D TIF> >0x28 TIF> >0x0D TIF> >0x21 TIF> >0x0D TIF> >0x21 TIF>CPUID register: 0x410CC601. Implementer code: 0x41 (ARM)Found Cortex-M0 r0p1, Little endian.
 -- Max. mem block: 0x00001548 -- CPU_ReadMem(4 bytes @ 0xE000EDF0) -- CPU_WriteMem(4 bytes @ 0xE000EDF0) -- CPU_ReadMem(4 bytes @ 0xE0002000)FPUnit: 4 code (BP) slots and 0 literal slots -- CPU_ReadMem(4 bytes @ 0xE000EDFC) -- CPU_WriteMem(4 bytes @ 0xE000EDFC) -- CPU_ReadMem(4 bytes @ 0xE0001000) -- CPU_WriteMem(4 bytes @ 0xE0001000)CoreSight components:ROMTbl[0] @ 41003000 -- CPU_ReadMem(16 bytes @ 0x41003000) -- CPU_ReadMem(16 bytes @ 0xE00FFFF0) -- CPU_ReadMem(16 bytes @ 0xE00FFFE0)
ROMTbl[0][0]: E00FF000, CID: B105100D, PID: 000BB4C0 ROM TableROMTbl[1] @ E00FF000 -- CPU_ReadMem(16 bytes @ 0xE00FF000) -- CPU_ReadMem(16 bytes @ 0xE000EFF0) -- CPU_ReadMem(16 bytes @ 0xE000EFE0)ROMTbl[1][0]: E000E000, CID: B105E00D, PID: 000BB008 SCS -- CPU_ReadMem(16 bytes @ 0xE0001FF0) -- CPU_ReadMem(16 bytes @ 0xE0001FE0)ROMTbl[1][1]: E0001000, CID: B105E00D, PID: 000BB00A DWT -- CPU_ReadMem(16 bytes @ 0xE0002FF0) -- CPU_ReadMem(16 bytes @ 0xE0002FE0)
ROMTbl[1][2]: E0002000, CID: B105E00D, PID: 000BB00B FPB -- CPU_ReadMem(16 bytes @ 0x41006FF0) -- CPU_ReadMem(16 bytes @ 0x41006FE0)ROMTbl[0][1]: 41006000, CID: B105900D, PID: 001BB932 MTB-M0+  returns 0x00 (0119ms, 56617ms total)
T405CC 3483:993 JLINK_Halt()  returns 0x00 (0003ms, 56620ms total)
T405CC 3484:197 JLINK_IsHalted()  returns TRUE (0000ms, 56620ms total)
T405CC 3484:197 JLINK_GetMOEs(...) -- CPU_ReadMem(4 bytes @ 0xE000ED30)  returns 0x01 (0000ms, 56620ms total)
T405CC 3484:197 JLINK_ReadReg(R15 (PC))  returns 0x0000117E (0000ms, 56620ms total)
T3DBFC 3484:207 JLINK_ReadReg(R15 (PC))  returns 0x0000117E (0000ms, 56620ms total)
T3DBFC 3484:207 JLINK_ReadReg(R13 (SP))  returns 0x20001210 (0000ms, 56620ms total)
T3DBFC 3484:217 JLINK_ReadMemHW(0x0000117E, 0x0004 Bytes, ...) -- CPU_ReadMem(4 bytes @ 0x0000117E) - Data: CB 68 1A 42  returns 0x00 (0000ms, 56620ms total)
T3DBFC 3484:239 JLINK_ReadMem (0x20001240, 0x0040 Bytes, ...) -- CPU_ReadMem(64 bytes @ 0x20001240) -- Updating C cache (64 bytes @ 0x20001240) -- Read from C cache (64 bytes @ 0x20001240) - Data: 00 80 00 00 01 00 00 3F 7B E5 FF EF FF FB 5F FF ...  returns 0x00 (0000ms, 56620ms total)
T3DBFC 3484:249 JLINK_ReadMemHW(0x00001602, 0x0004 Bytes, ...) -- CPU_ReadMem(4 bytes @ 0x00001602) - Data: 05 4B 98 47  returns 0x00 (0001ms, 56621ms total)
T3DBFC 3484:251 JLINK_ReadMemHW(0x0000322A, 0x0004 Bytes, ...) -- CPU_ReadMem(4 bytes @ 0x0000322A) - Data: 37 4B 98 47  returns 0x00 (0000ms, 56621ms total)
T40944 3484:301 JLINK_ReadMemHW(0x00000000, 0x003C Bytes, ...) -- CPU_ReadMem(60 bytes @ 0x00000000) - Data: 58 13 00 20 25 20 00 00 23 20 00 00 23 20 00 00 ...  returns 0x00 (0001ms, 56622ms total)
T40944 3484:334 JLINK_ReadMemHW(0x0000003C, 0x000C Bytes, ...) -- CPU_ReadMem(12 bytes @ 0x0000003C) - Data: 23 20 00 00 23 20 00 00 23 20 00 00  returns 0x00 (0001ms, 56623ms total)
T40944 3484:336 JLINK_ReadMemHW(0x00000048, 0x000C Bytes, ...) -- CPU_ReadMem(12 bytes @ 0x00000048) - Data: 23 20 00 00 23 20 00 00 15 01 00 00  returns 0x00 (0001ms, 56624ms total)
T405CC 3484:400 JLINK_IsHalted()  returns TRUE (0000ms, 56624ms total)
T405CC 3484:601 JLINK_IsHalted()  returns TRUE (0000ms, 56624ms total)
T405CC 3484:802 JLINK_IsHalted()  returns TRUE (0000ms, 56624ms total)
T405CC 3485:002 JLINK_IsHalted()  returns TRUE (0000ms, 56624ms total)
T405CC 3485:205 JLINK_IsHalted()  returns TRUE (0000ms, 56624ms total)
T405CC 3485:406 JLINK_IsHalted()  returns TRUE (0000ms, 56624ms total)
T405CC 3485:606 JLINK_IsHalted()  returns TRUE (0000ms, 56624ms total)
T405CC 3485:807 JLINK_IsHalted()  returns TRUE (0000ms, 56624ms total)
T405CC 3486:007 JLINK_IsHalted()  returns TRUE (0000ms, 56624ms total)
T405CC 3486:208 JLINK_IsHalted()  returns TRUE (0000ms, 56624ms total)
T405CC 3486:408 JLINK_IsHalted()  returns TRUE (0000ms, 56624ms total)
T405CC 3486:609 JLINK_IsHalted()  returns TRUE (0000ms, 56624ms total)
T405CC 3486:810 JLINK_IsHalted()  returns TRUE (0000ms, 56624ms total)
T405CC 3487:011 JLINK_IsHalted()  returns TRUE (0000ms, 56624ms total)
T405CC 3487:211 JLINK_IsHalted()  returns TRUE (0000ms, 56624ms total)
T405CC 3487:413 JLINK_IsHalted()  returns TRUE (0000ms, 56624ms total)
T405CC 3487:613 JLINK_IsHalted()  returns TRUE (0000ms, 56624ms total)
T405CC 3487:813 JLINK_IsHalted()  returns TRUE (0000ms, 56624ms total)
T405CC 3488:013 JLINK_IsHalted()  returns TRUE (0000ms, 56624ms total)
T405CC 3488:213 JLINK_IsHalted()  returns TRUE (0000ms, 56624ms total)
T405CC 3488:413 JLINK_IsHalted()  returns TRUE (0001ms, 56625ms total)
T405CC 3488:616 JLINK_IsHalted()  returns TRUE (0000ms, 56624ms total)
T405CC 3488:818 JLINK_IsHalted()  returns TRUE (0000ms, 56624ms total)
T405CC 3489:019 JLINK_IsHalted()  returns TRUE (0000ms, 56624ms total)
T405CC 3489:221 JLINK_IsHalted()  returns TRUE (0000ms, 56624ms total)
T405CC 3489:425 JLINK_IsHalted()  returns TRUE (0000ms, 56624ms total)
T405CC 3489:626 JLINK_IsHalted()  returns TRUE (0000ms, 56624ms total)
T405CC 3489:829 JLINK_IsHalted()  returns TRUE (0000ms, 56624ms total)
T405CC 3490:034 JLINK_IsHalted()  returns TRUE (0000ms, 56624ms total)
T405CC 3490:234 JLINK_IsHalted()  returns TRUE (0001ms, 56625ms total)
T405CC 3490:435 JLINK_IsHalted()  returns TRUE (0000ms, 56624ms total)
T405CC 3490:635 JLINK_IsHalted()  returns TRUE (0000ms, 56624ms total)
T405CC 3490:836 JLINK_IsHalted()  returns TRUE (0000ms, 56624ms total)
T405CC 3491:040 JLINK_IsHalted()  returns TRUE (0000ms, 56624ms total)
T405CC 3491:241 JLINK_IsHalted()  returns TRUE (0000ms, 56624ms total)
T405CC 3491:442 JLINK_IsHalted()  returns TRUE (0000ms, 56624ms total)
T405CC 3491:643 JLINK_IsHalted()  returns TRUE (0000ms, 56624ms total)
T405CC 3491:844 JLINK_IsHalted()  returns TRUE (0000ms, 56624ms total)
T405CC 3492:044 JLINK_IsHalted()  returns TRUE (0000ms, 56624ms total)
T405CC 3492:245 JLINK_IsHalted()  returns TRUE (0000ms, 56624ms total)
T405CC 3492:446 JLINK_IsHalted()  returns TRUE (0000ms, 56624ms total)
T405CC 3492:647 JLINK_IsHalted()  returns TRUE (0000ms, 56624ms total)
T405CC 3492:847 JLINK_IsHalted()  returns TRUE (0000ms, 56624ms total)
T405CC 3493:049 JLINK_IsHalted()  returns TRUE (0000ms, 56624ms total)
T405CC 3493:250 JLINK_IsHalted()  returns TRUE (0000ms, 56624ms total)
T405CC 3493:450 JLINK_IsHalted()  returns TRUE (0000ms, 56624ms total)
T405CC 3493:651 JLINK_IsHalted()  returns TRUE (0000ms, 56624ms total)
T405CC 3493:851 JLINK_IsHalted()  returns TRUE (0001ms, 56625ms total)
T405CC 3494:052 JLINK_IsHalted()  returns TRUE (0000ms, 56624ms total)
T405CC 3494:252 JLINK_IsHalted()  returns TRUE (0000ms, 56624ms total)
T405CC 3494:453 JLINK_IsHalted()  returns TRUE (0000ms, 56624ms total)
T405CC 3494:656 JLINK_IsHalted()  returns TRUE (0000ms, 56624ms total)
T405CC 3494:857 JLINK_IsHalted()  returns TRUE (0000ms, 56624ms total)
T405CC 3495:057 JLINK_IsHalted()  returns TRUE (0001ms, 56625ms total)
T405CC 3495:258 JLINK_IsHalted()  returns TRUE (0000ms, 56624ms total)
T405CC 3495:458 JLINK_IsHalted()  returns TRUE (0000ms, 56624ms total)
T405CC 3495:659 JLINK_IsHalted()  returns TRUE (0000ms, 56624ms total)
T405CC 3495:859 JLINK_IsHalted()  returns TRUE (0000ms, 56624ms total)
T405CC 3496:060 JLINK_IsHalted()  returns TRUE (0000ms, 56624ms total)
T405CC 3496:261 JLINK_IsHalted()  returns TRUE (0000ms, 56624ms total)
T405CC 3496:462 JLINK_IsHalted()  returns TRUE (0000ms, 56624ms total)
T405CC 3496:663 JLINK_IsHalted()  returns TRUE (0000ms, 56624ms total)
T405CC 3496:863 JLINK_IsHalted()  returns TRUE (0000ms, 56624ms total)
T405CC 3497:064 JLINK_IsHalted()  returns TRUE (0000ms, 56624ms total)
T405CC 3497:264 JLINK_IsHalted()  returns TRUE (0000ms, 56624ms total)
T405CC 3497:464 JLINK_IsHalted()  returns TRUE (0000ms, 56624ms total)
T405CC 3497:665 JLINK_IsHalted()  returns TRUE (0000ms, 56624ms total)
T405CC 3497:866 JLINK_IsHalted()  returns TRUE (0000ms, 56624ms total)
T405CC 3498:067 JLINK_IsHalted()  returns TRUE (0000ms, 56624ms total)
T405CC 3498:268 JLINK_IsHalted()  returns TRUE (0000ms, 56624ms total)
T405CC 3498:468 JLINK_IsHalted()  returns TRUE (0000ms, 56624ms total)
T405CC 3498:668 JLINK_IsHalted()  returns TRUE (0001ms, 56625ms total)
T405CC 3498:869 JLINK_IsHalted()  returns TRUE (0000ms, 56625ms total)
T405CC 3499:069 JLINK_IsHalted()  returns TRUE (0000ms, 56625ms total)
T405CC 3499:270 JLINK_IsHalted()  returns TRUE (0000ms, 56625ms total)
T405CC 3499:471 JLINK_IsHalted()  returns TRUE (0000ms, 56625ms total)
T405CC 3499:672 JLINK_IsHalted()  returns TRUE (0000ms, 56625ms total)
T405CC 3499:873 JLINK_IsHalted()  returns TRUE (0000ms, 56625ms total)
T405CC 3500:073 JLINK_IsHalted()  returns TRUE (0000ms, 56625ms total)
T405CC 3500:273 JLINK_IsHalted()  returns TRUE (0000ms, 56625ms total)
T405CC 3500:474 JLINK_IsHalted()  returns TRUE (0000ms, 56625ms total)
T405CC 3500:675 JLINK_IsHalted()  returns TRUE (0000ms, 56625ms total)
T405CC 3500:877 JLINK_IsHalted()  returns TRUE (0000ms, 56625ms total)
T405CC 3501:077 JLINK_IsHalted()  returns TRUE (0000ms, 56625ms total)
T405CC 3501:277 JLINK_IsHalted()  returns TRUE (0000ms, 56625ms total)
T405CC 3501:479 JLINK_IsHalted()  returns TRUE (0000ms, 56625ms total)
T405CC 3501:679 JLINK_IsHalted()  returns TRUE (0001ms, 56626ms total)
T405CC 3501:880 JLINK_IsHalted()  returns TRUE (0000ms, 56626ms total)
T405CC 3502:081 JLINK_IsHalted()  returns TRUE (0000ms, 56626ms total)
T405CC 3502:282 JLINK_IsHalted()  returns TRUE (0000ms, 56626ms total)
T405CC 3502:485 JLINK_IsHalted()  returns TRUE (0000ms, 56626ms total)
T405CC 3502:687 JLINK_IsHalted()  returns TRUE (0000ms, 56626ms total)
T405CC 3502:889 JLINK_IsHalted()  returns TRUE (0000ms, 56626ms total)
T405CC 3503:089 JLINK_IsHalted()  returns TRUE (0000ms, 56626ms total)
T405CC 3503:293 JLINK_IsHalted()  returns TRUE (0000ms, 56626ms total)
T405CC 3503:495 JLINK_IsHalted()  returns TRUE (0000ms, 56626ms total)
T405CC 3503:695 JLINK_IsHalted()  returns TRUE (0000ms, 56626ms total)
T405CC 3503:896 JLINK_IsHalted()  returns TRUE (0000ms, 56626ms total)
T405CC 3504:096 JLINK_IsHalted()  returns TRUE (0000ms, 56626ms total)
T405CC 3504:296 JLINK_IsHalted()  returns TRUE (0000ms, 56626ms total)
T405CC 3504:500 JLINK_IsHalted()  returns TRUE (0000ms, 56626ms total)
T405CC 3504:701 JLINK_IsHalted()  returns TRUE (0000ms, 56626ms total)
T405CC 3504:901 JLINK_IsHalted()  returns TRUE (0000ms, 56626ms total)
T405CC 3505:103 JLINK_IsHalted()  returns TRUE (0000ms, 56626ms total)
T405CC 3505:303 JLINK_IsHalted()  returns TRUE (0000ms, 56626ms total)
T405CC 3505:505 JLINK_IsHalted()  returns TRUE (0000ms, 56626ms total)
T3DBFC 3505:673 JLINK_ReadReg(R15 (PC))  returns 0x0000117E (0000ms, 56626ms total)
T3DBFC 3505:673 JLINK_Go() -- CPU_ReadMem(4 bytes @ 0xE0001000) -- CPU_WriteMem(4 bytes @ 0xE000ED30) -- CPU_WriteMem(4 bytes @ 0xE0001000) (0002ms, 56628ms total)
T405CC 3505:675 JLINK_IsHalted() -- CPU_ReadMem(4 bytes @ 0x41002100)  returns FALSE (0001ms, 56629ms total)
T405CC 3505:717 JLINK_IsHalted() -- CPU_ReadMem(4 bytes @ 0x41002100)  returns FALSE (0001ms, 56629ms total)
T405CC 3505:878 JLINK_IsHalted() -- CPU_ReadMem(4 bytes @ 0x41002100)  returns FALSE (0000ms, 56628ms total)
T405CC 3506:079 JLINK_IsHalted() -- CPU_ReadMem(4 bytes @ 0x41002100)  returns FALSE (0000ms, 56628ms total)
T405CC 3506:283 JLINK_IsHalted() -- CPU_ReadMem(4 bytes @ 0x41002100)  returns FALSE (0001ms, 56629ms total)
T405CC 3506:484 JLINK_IsHalted() -- CPU_ReadMem(4 bytes @ 0x41002100)  returns FALSE (0001ms, 56629ms total)
T405CC 3506:685 JLINK_IsHalted() -- CPU_ReadMem(4 bytes @ 0x41002100)  returns FALSE (0001ms, 56629ms total)
T405CC 3506:886 JLINK_IsHalted() -- CPU_ReadMem(4 bytes @ 0x41002100)  returns FALSE (0001ms, 56629ms total)
T405CC 3507:087 JLINK_IsHalted() -- CPU_ReadMem(4 bytes @ 0x41002100)  returns FALSE (0001ms, 56629ms total)
T405CC 3507:289 JLINK_IsHalted() -- CPU_ReadMem(4 bytes @ 0x41002100)  returns FALSE (0000ms, 56628ms total)
T405CC 3507:490 JLINK_IsHalted() -- CPU_ReadMem(4 bytes @ 0x41002100)  returns FALSE (0000ms, 56628ms total)
T405CC 3507:692 JLINK_IsHalted() -- CPU_ReadMem(4 bytes @ 0x41002100)  returns FALSE (0000ms, 56628ms total)
T405CC 3507:893 JLINK_IsHalted() -- CPU_ReadMem(4 bytes @ 0x41002100)  returns FALSE (0001ms, 56629ms total)
T405CC 3508:097 JLINK_IsHalted() -- CPU_ReadMem(4 bytes @ 0x41002100)  returns FALSE (0001ms, 56629ms total)
T405CC 3508:298 JLINK_IsHalted() -- CPU_ReadMem(4 bytes @ 0x41002100)  returns FALSE (0000ms, 56628ms total)
T405CC 3508:499 JLINK_IsHalted() -- CPU_ReadMem(4 bytes @ 0x41002100)  returns FALSE (0000ms, 56628ms total)
T405CC 3508:699 JLINK_IsHalted() -- CPU_ReadMem(4 bytes @ 0x41002100)  returns FALSE (0001ms, 56629ms total)
T405CC 3508:900 JLINK_IsHalted() -- CPU_ReadMem(4 bytes @ 0x41002100)  returns FALSE (0000ms, 56628ms total)
T405CC 3509:103 JLINK_IsHalted() -- CPU_ReadMem(4 bytes @ 0x41002100)  returns FALSE (0001ms, 56629ms total)
T405CC 3509:307 JLINK_IsHalted() -- CPU_ReadMem(4 bytes @ 0x41002100)  returns FALSE (0001ms, 56629ms total)
T405CC 3509:508 JLINK_IsHalted() -- CPU_ReadMem(4 bytes @ 0x41002100)  returns FALSE (0001ms, 56630ms total)
T405CC 3509:709 JLINK_IsHalted() -- CPU_ReadMem(4 bytes @ 0x41002100)  returns FALSE (0000ms, 56630ms total)
T405CC 3509:910 JLINK_IsHalted() -- CPU_ReadMem(4 bytes @ 0x41002100)  returns FALSE (0000ms, 56630ms total)
T405CC 3510:113 JLINK_IsHalted() -- CPU_ReadMem(4 bytes @ 0x41002100)  returns FALSE (0000ms, 56630ms total)
T405CC 3510:313 JLINK_IsHalted() -- CPU_ReadMem(4 bytes @ 0x41002100)  returns FALSE (0001ms, 56631ms total)
T405CC 3510:517 JLINK_IsHalted() -- CPU_ReadMem(4 bytes @ 0x41002100)  returns FALSE (0001ms, 56631ms total)
T405CC 3510:720 JLINK_IsHalted() -- CPU_ReadMem(4 bytes @ 0x41002100)  returns FALSE (0000ms, 56630ms total)
T405CC 3510:920 JLINK_IsHalted() -- CPU_ReadMem(4 bytes @ 0x41002100)  returns FALSE (0001ms, 56631ms total)
T405CC 3511:122 JLINK_IsHalted() -- CPU_ReadMem(4 bytes @ 0x41002100)  returns FALSE (0000ms, 56630ms total)
T405CC 3511:323 JLINK_IsHalted() -- CPU_ReadMem(4 bytes @ 0x41002100)  returns FALSE (0000ms, 56630ms total)
T405CC 3511:523 JLINK_IsHalted() -- CPU_ReadMem(4 bytes @ 0x41002100)  returns FALSE (0001ms, 56631ms total)
T405CC 3511:724 JLINK_IsHalted() -- CPU_ReadMem(4 bytes @ 0x41002100)  returns FALSE (0001ms, 56631ms total)
T405CC 3511:925 JLINK_IsHalted() -- CPU_ReadMem(4 bytes @ 0x41002100)  returns FALSE (0001ms, 56631ms total)
T405CC 3512:128 JLINK_IsHalted() -- CPU_ReadMem(4 bytes @ 0x41002100)  returns FALSE (0000ms, 56630ms total)
T405CC 3512:330 JLINK_IsHalted() -- CPU_ReadMem(4 bytes @ 0x41002100)  returns FALSE (0000ms, 56630ms total)
T405CC 3512:532 JLINK_IsHalted() -- CPU_ReadMem(4 bytes @ 0x41002100)  returns FALSE (0000ms, 56630ms total)
T405CC 3512:733 JLINK_IsHalted() -- CPU_ReadMem(4 bytes @ 0x41002100)  returns FALSE (0001ms, 56631ms total)
T405CC 3512:934 JLINK_IsHalted() -- CPU_ReadMem(4 bytes @ 0x41002100)  returns FALSE (0000ms, 56630ms total)
T405CC 3513:134 JLINK_IsHalted() -- CPU_ReadMem(4 bytes @ 0x41002100)  returns FALSE (0001ms, 56631ms total)
T405CC 3513:335 JLINK_IsHalted() -- CPU_ReadMem(4 bytes @ 0x41002100)  returns FALSE (0001ms, 56631ms total)
T405CC 3513:537 JLINK_IsHalted() -- CPU_ReadMem(4 bytes @ 0x41002100)  returns FALSE (0000ms, 56630ms total)
T405CC 3513:739 JLINK_IsHalted() -- CPU_ReadMem(4 bytes @ 0x41002100)  returns FALSE (0001ms, 56631ms total)
T405CC 3513:941 JLINK_IsHalted() -- CPU_ReadMem(4 bytes @ 0x41002100)  returns FALSE (0001ms, 56631ms total)
T405CC 3514:142 JLINK_IsHalted() -- CPU_ReadMem(4 bytes @ 0x41002100)  returns FALSE (0001ms, 56631ms total)
T405CC 3514:343 JLINK_IsHalted() -- CPU_ReadMem(4 bytes @ 0x41002100)  returns FALSE (0001ms, 56631ms total)
T405CC 3514:544 JLINK_IsHalted() -- CPU_ReadMem(4 bytes @ 0x41002100)  returns FALSE (0001ms, 56631ms total)
T405CC 3514:746 JLINK_IsHalted() -- CPU_ReadMem(4 bytes @ 0x41002100)  returns FALSE (0000ms, 56630ms total)
T405CC 3514:947 JLINK_IsHalted() -- CPU_ReadMem(4 bytes @ 0x41002100)  returns FALSE (0001ms, 56631ms total)
T405CC 3515:148 JLINK_IsHalted() -- CPU_ReadMem(4 bytes @ 0x41002100)  returns FALSE (0001ms, 56631ms total)
T405CC 3515:349 JLINK_IsHalted() -- CPU_ReadMem(4 bytes @ 0x41002100)  returns FALSE (0001ms, 56631ms total)
T405CC 3515:550 JLINK_IsHalted() -- CPU_ReadMem(4 bytes @ 0x41002100)  returns FALSE (0000ms, 56630ms total)
T405CC 3515:751 JLINK_IsHalted() -- CPU_ReadMem(4 bytes @ 0x41002100)  returns FALSE (0000ms, 56630ms total)
T405CC 3515:953 JLINK_IsHalted() -- CPU_ReadMem(4 bytes @ 0x41002100)  returns FALSE (0001ms, 56631ms total)
T405CC 3516:154 JLINK_IsHalted() -- CPU_ReadMem(4 bytes @ 0x41002100)  returns FALSE (0000ms, 56630ms total)
T405CC 3516:355 JLINK_IsHalted() -- CPU_ReadMem(4 bytes @ 0x41002100)  returns FALSE (0000ms, 56630ms total)
T405CC 3516:557 JLINK_IsHalted() -- CPU_ReadMem(4 bytes @ 0x41002100)  returns FALSE (0000ms, 56630ms total)
T405CC 3516:757 JLINK_IsHalted() -- CPU_ReadMem(4 bytes @ 0x41002100)  returns FALSE (0001ms, 56631ms total)
T405CC 3516:958 JLINK_IsHalted() -- CPU_ReadMem(4 bytes @ 0x41002100)  returns FALSE (0000ms, 56630ms total)
T405CC 3517:160 JLINK_IsHalted() -- CPU_ReadMem(4 bytes @ 0x41002100)  returns FALSE (0000ms, 56630ms total)
T405CC 3517:361 JLINK_IsHalted() -- CPU_ReadMem(4 bytes @ 0x41002100)  returns FALSE (0000ms, 56630ms total)
T405CC 3517:561 JLINK_IsHalted() -- CPU_ReadMem(4 bytes @ 0x41002100)  returns FALSE (0001ms, 56631ms total)
T405CC 3517:762 JLINK_IsHalted() -- CPU_ReadMem(4 bytes @ 0x41002100)  returns FALSE (0000ms, 56630ms total)
T405CC 3517:963 JLINK_IsHalted() -- CPU_ReadMem(4 bytes @ 0x41002100)  returns FALSE (0000ms, 56630ms total)
T405CC 3518:163 JLINK_IsHalted() -- CPU_ReadMem(4 bytes @ 0x41002100)  returns FALSE (0001ms, 56631ms total)
T405CC 3518:364 JLINK_IsHalted() -- CPU_ReadMem(4 bytes @ 0x41002100)  returns FALSE (0001ms, 56631ms total)
T405CC 3518:565 JLINK_IsHalted() -- CPU_ReadMem(4 bytes @ 0x41002100)  returns FALSE (0001ms, 56631ms total)
T405CC 3518:769 JLINK_IsHalted() -- CPU_ReadMem(4 bytes @ 0x41002100)  returns FALSE (0001ms, 56631ms total)
T405CC 3518:970 JLINK_IsHalted() -- CPU_ReadMem(4 bytes @ 0x41002100)  returns FALSE (0001ms, 56631ms total)
T405CC 3519:171 JLINK_IsHalted() -- CPU_ReadMem(4 bytes @ 0x41002100)  returns FALSE (0000ms, 56630ms total)
T405CC 3519:372 JLINK_IsHalted() -- CPU_ReadMem(4 bytes @ 0x41002100)  returns FALSE (0000ms, 56630ms total)
T405CC 3519:573 JLINK_IsHalted() -- CPU_ReadMem(4 bytes @ 0x41002100)  returns FALSE (0001ms, 56631ms total)
T405CC 3519:777 JLINK_IsHalted() -- CPU_ReadMem(4 bytes @ 0x41002100)  returns FALSE (0000ms, 56630ms total)
T405CC 3519:978 JLINK_IsHalted() -- CPU_ReadMem(4 bytes @ 0x41002100)  returns FALSE (0001ms, 56631ms total)
T405CC 3520:180 JLINK_IsHalted() -- CPU_ReadMem(4 bytes @ 0x41002100)  returns FALSE (0000ms, 56630ms total)
T405CC 3520:382 JLINK_IsHalted() -- CPU_ReadMem(4 bytes @ 0x41002100)  returns FALSE (0001ms, 56631ms total)
T405CC 3520:584 JLINK_IsHalted() -- CPU_ReadMem(4 bytes @ 0x41002100)  returns FALSE (0000ms, 56630ms total)
T405CC 3520:785 JLINK_IsHalted() -- CPU_ReadMem(4 bytes @ 0x41002100)  returns FALSE (0001ms, 56631ms total)
T405CC 3520:987 JLINK_IsHalted() -- CPU_ReadMem(4 bytes @ 0x41002100)  returns FALSE (0001ms, 56631ms total)
T405CC 3521:188 JLINK_IsHalted() -- CPU_ReadMem(4 bytes @ 0x41002100)  returns FALSE (0001ms, 56631ms total)
T405CC 3521:389 JLINK_IsHalted() -- CPU_ReadMem(4 bytes @ 0x41002100)  returns FALSE (0000ms, 56630ms total)
T405CC 3521:591 JLINK_IsHalted() -- CPU_ReadMem(4 bytes @ 0x41002100)  returns FALSE (0000ms, 56630ms total)
T405CC 3521:792 JLINK_IsHalted() -- CPU_ReadMem(4 bytes @ 0x41002100)  returns FALSE (0000ms, 56630ms total)
T405CC 3521:993 JLINK_IsHalted() -- CPU_ReadMem(4 bytes @ 0x41002100)  returns FALSE (0000ms, 56630ms total)
T405CC 3522:194 JLINK_IsHalted() -- CPU_ReadMem(4 bytes @ 0x41002100)  returns FALSE (0001ms, 56631ms total)
T405CC 3522:396 JLINK_IsHalted() -- CPU_ReadMem(4 bytes @ 0x41002100)  returns FALSE (0001ms, 56631ms total)
T405CC 3522:597 JLINK_IsHalted() -- CPU_ReadMem(4 bytes @ 0x41002100)  returns FALSE (0001ms, 56631ms total)
T405CC 3522:799 JLINK_IsHalted() -- CPU_ReadMem(4 bytes @ 0x41002100)  returns FALSE (0000ms, 56630ms total)
T405CC 3523:000 JLINK_IsHalted() -- CPU_ReadMem(4 bytes @ 0x41002100)  returns FALSE (0000ms, 56630ms total)
T405CC 3523:201 JLINK_IsHalted() -- CPU_ReadMem(4 bytes @ 0x41002100)  returns FALSE (0000ms, 56630ms total)
T405CC 3523:402 JLINK_IsHalted() -- CPU_ReadMem(4 bytes @ 0x41002100)  returns FALSE (0000ms, 56630ms total)
T405CC 3523:603 JLINK_IsHalted() -- CPU_ReadMem(4 bytes @ 0x41002100)  returns FALSE (0001ms, 56631ms total)
T405CC 3523:805 JLINK_IsHalted() -- CPU_ReadMem(4 bytes @ 0x41002100)  returns FALSE (0000ms, 56630ms total)
T405CC 3524:006 JLINK_IsHalted() -- CPU_ReadMem(4 bytes @ 0x41002100)  returns FALSE (0000ms, 56630ms total)
T405CC 3524:206 JLINK_IsHalted() -- CPU_ReadMem(4 bytes @ 0x41002100)  returns FALSE (0001ms, 56631ms total)
T405CC 3524:408 JLINK_IsHalted() -- CPU_ReadMem(4 bytes @ 0x41002100)  returns FALSE (0001ms, 56631ms total)
T405CC 3524:611 JLINK_IsHalted() -- CPU_ReadMem(4 bytes @ 0x41002100)  returns FALSE (0000ms, 56630ms total)
T405CC 3524:811 JLINK_IsHalted() -- CPU_ReadMem(4 bytes @ 0x41002100)  returns FALSE (0001ms, 56631ms total)
T405CC 3525:013 JLINK_IsHalted() -- CPU_ReadMem(4 bytes @ 0x41002100)  returns FALSE (0000ms, 56630ms total)
T405CC 3525:214 JLINK_IsHalted() -- CPU_ReadMem(4 bytes @ 0x41002100)  returns FALSE (0000ms, 56630ms total)
T405CC 3525:414 JLINK_IsHalted() -- CPU_ReadMem(4 bytes @ 0x41002100)  returns FALSE (0001ms, 56631ms total)
T405CC 3525:618 JLINK_IsHalted() -- CPU_ReadMem(4 bytes @ 0x41002100)  returns FALSE (0000ms, 56631ms total)
T405CC 3525:819 JLINK_IsHalted() -- CPU_ReadMem(4 bytes @ 0x41002100)  returns FALSE (0001ms, 56632ms total)
T405CC 3526:021 JLINK_IsHalted() -- CPU_ReadMem(4 bytes @ 0x41002100)  returns FALSE (0000ms, 56631ms total)
T405CC 3526:222 JLINK_IsHalted() -- CPU_ReadMem(4 bytes @ 0x41002100)  returns FALSE (0000ms, 56631ms total)
T405CC 3526:423 JLINK_IsHalted() -- CPU_ReadMem(4 bytes @ 0x41002100)  returns FALSE (0001ms, 56632ms total)
T405CC 3526:625 JLINK_IsHalted() -- CPU_ReadMem(4 bytes @ 0x41002100)  returns FALSE (0001ms, 56632ms total)
T405CC 3526:826 JLINK_IsHalted() -- CPU_ReadMem(4 bytes @ 0x41002100)  returns FALSE (0001ms, 56632ms total)
T405CC 3527:027 JLINK_IsHalted() -- CPU_ReadMem(4 bytes @ 0x41002100)  returns FALSE (0000ms, 56631ms total)
T405CC 3527:228 JLINK_IsHalted() -- CPU_ReadMem(4 bytes @ 0x41002100)  returns FALSE (0000ms, 56631ms total)
T405CC 3527:429 JLINK_IsHalted() -- CPU_ReadMem(4 bytes @ 0x41002100)  returns FALSE (0001ms, 56632ms total)
T405CC 3527:630 JLINK_IsHalted() -- CPU_ReadMem(4 bytes @ 0x41002100)  returns FALSE (0000ms, 56631ms total)
T405CC 3527:831 JLINK_IsHalted() -- CPU_ReadMem(4 bytes @ 0x41002100)  returns FALSE (0001ms, 56632ms total)
T405CC 3528:033 JLINK_IsHalted() -- CPU_ReadMem(4 bytes @ 0x41002100)  returns FALSE (0000ms, 56631ms total)
T405CC 3528:233 JLINK_IsHalted() -- CPU_ReadMem(4 bytes @ 0x41002100)  returns FALSE (0001ms, 56632ms total)
T405CC 3528:435 JLINK_IsHalted() -- CPU_ReadMem(4 bytes @ 0x41002100)  returns FALSE (0000ms, 56631ms total)
T405CC 3528:637 JLINK_IsHalted() -- CPU_ReadMem(4 bytes @ 0x41002100)  returns FALSE (0001ms, 56632ms total)
T405CC 3528:838 JLINK_IsHalted() -- CPU_ReadMem(4 bytes @ 0x41002100)  returns FALSE (0001ms, 56632ms total)
T405CC 3529:041 JLINK_IsHalted() -- CPU_ReadMem(4 bytes @ 0x41002100)  returns FALSE (0000ms, 56631ms total)
T405CC 3529:242 JLINK_IsHalted() -- CPU_ReadMem(4 bytes @ 0x41002100)  returns FALSE (0000ms, 56631ms total)
T405CC 3529:442 JLINK_IsHalted() -- CPU_ReadMem(4 bytes @ 0x41002100)  returns FALSE (0001ms, 56632ms total)
T405CC 3529:643 JLINK_IsHalted() -- CPU_ReadMem(4 bytes @ 0x41002100)  returns FALSE (0001ms, 56632ms total)
T405CC 3529:844 JLINK_IsHalted() -- CPU_ReadMem(4 bytes @ 0x41002100)  returns FALSE (0000ms, 56631ms total)
T405CC 3530:046 JLINK_IsHalted() -- CPU_ReadMem(4 bytes @ 0x41002100)  returns FALSE (0001ms, 56632ms total)
T405CC 3530:248 JLINK_IsHalted() -- CPU_ReadMem(4 bytes @ 0x41002100)  returns FALSE (0000ms, 56631ms total)
T405CC 3530:449 JLINK_IsHalted() -- CPU_ReadMem(4 bytes @ 0x41002100)  returns FALSE (0001ms, 56632ms total)
T405CC 3530:651 JLINK_IsHalted() -- CPU_ReadMem(4 bytes @ 0x41002100)  returns FALSE (0000ms, 56631ms total)
T405CC 3530:853 JLINK_IsHalted() -- CPU_ReadMem(4 bytes @ 0x41002100)  returns FALSE (0000ms, 56631ms total)
T405CC 3531:054 JLINK_IsHalted() -- CPU_ReadMem(4 bytes @ 0x41002100)  returns FALSE (0000ms, 56631ms total)
T405CC 3531:255 JLINK_IsHalted() -- CPU_ReadMem(4 bytes @ 0x41002100)  returns FALSE (0000ms, 56631ms total)
T405CC 3531:456 JLINK_IsHalted() -- CPU_ReadMem(4 bytes @ 0x41002100)  returns FALSE (0001ms, 56632ms total)
T405CC 3531:659 JLINK_IsHalted() -- CPU_ReadMem(4 bytes @ 0x41002100)  returns FALSE (0001ms, 56632ms total)
T405CC 3531:861 JLINK_IsHalted() -- CPU_ReadMem(4 bytes @ 0x41002100)  returns FALSE (0000ms, 56631ms total)
T405CC 3532:061 JLINK_IsHalted() -- CPU_ReadMem(4 bytes @ 0x41002100)  returns FALSE (0001ms, 56632ms total)
T405CC 3532:263 JLINK_IsHalted() -- CPU_ReadMem(4 bytes @ 0x41002100)  returns FALSE (0001ms, 56632ms total)
T405CC 3532:465 JLINK_IsHalted() -- CPU_ReadMem(4 bytes @ 0x41002100)  returns FALSE (0000ms, 56632ms total)
T405CC 3532:665 JLINK_IsHalted() -- CPU_ReadMem(4 bytes @ 0x41002100)  returns FALSE (0001ms, 56633ms total)
T405CC 3532:867 JLINK_IsHalted() -- CPU_ReadMem(4 bytes @ 0x41002100)  returns FALSE (0000ms, 56632ms total)
T405CC 3533:068 JLINK_IsHalted() -- CPU_ReadMem(4 bytes @ 0x41002100)  returns FALSE (0000ms, 56632ms total)
T405CC 3533:268 JLINK_IsHalted() -- CPU_ReadMem(4 bytes @ 0x41002100)  returns FALSE (0001ms, 56633ms total)
T405CC 3533:470 JLINK_IsHalted() -- CPU_ReadMem(4 bytes @ 0x41002100)  returns FALSE (0000ms, 56632ms total)
T405CC 3533:670 JLINK_IsHalted() -- CPU_ReadMem(4 bytes @ 0x41002100)  returns FALSE (0001ms, 56633ms total)
T405CC 3533:872 JLINK_IsHalted() -- CPU_ReadMem(4 bytes @ 0x41002100)  returns FALSE (0000ms, 56632ms total)
T405CC 3534:074 JLINK_IsHalted() -- CPU_ReadMem(4 bytes @ 0x41002100)  returns FALSE (0000ms, 56632ms total)
T405CC 3534:275 JLINK_IsHalted() -- CPU_ReadMem(4 bytes @ 0x41002100)  returns FALSE (0000ms, 56632ms total)
T405CC 3534:476 JLINK_IsHalted() -- CPU_ReadMem(4 bytes @ 0x41002100)  returns FALSE (0001ms, 56633ms total)
T405CC 3534:677 JLINK_IsHalted() -- CPU_ReadMem(4 bytes @ 0x41002100)  returns FALSE (0001ms, 56633ms total)
T405CC 3534:879 JLINK_IsHalted() -- CPU_ReadMem(4 bytes @ 0x41002100)  returns FALSE (0001ms, 56633ms total)
T405CC 3535:080 JLINK_IsHalted() -- CPU_ReadMem(4 bytes @ 0x41002100)  returns FALSE (0001ms, 56633ms total)
T405CC 3535:282 JLINK_IsHalted() -- CPU_ReadMem(4 bytes @ 0x41002100)  returns FALSE (0000ms, 56632ms total)
T405CC 3535:483 JLINK_IsHalted() -- CPU_ReadMem(4 bytes @ 0x41002100)  returns FALSE (0001ms, 56633ms total)
T405CC 3535:685 JLINK_IsHalted() -- CPU_ReadMem(4 bytes @ 0x41002100)  returns FALSE (0000ms, 56632ms total)
T405CC 3535:886 JLINK_IsHalted() -- CPU_ReadMem(4 bytes @ 0x41002100)  returns FALSE (0000ms, 56632ms total)
T405CC 3536:087 JLINK_IsHalted() -- CPU_ReadMem(4 bytes @ 0x41002100)  returns FALSE (0001ms, 56633ms total)
T405CC 3536:288 JLINK_IsHalted() -- CPU_ReadMem(4 bytes @ 0x41002100)  returns FALSE (0001ms, 56633ms total)
T405CC 3536:491 JLINK_IsHalted() -- CPU_ReadMem(4 bytes @ 0x41002100)  returns FALSE (0000ms, 56632ms total)
T405CC 3536:692 JLINK_IsHalted() -- CPU_ReadMem(4 bytes @ 0x41002100)  returns FALSE (0001ms, 56633ms total)
T405CC 3536:893 JLINK_IsHalted() -- CPU_ReadMem(4 bytes @ 0x41002100)  returns FALSE (0001ms, 56633ms total)
T405CC 3537:094 JLINK_IsHalted() -- CPU_ReadMem(4 bytes @ 0x41002100)  returns FALSE (0000ms, 56632ms total)
T405CC 3537:294 JLINK_IsHalted() -- CPU_ReadMem(4 bytes @ 0x41002100)  returns FALSE (0001ms, 56633ms total)
T405CC 3537:498 JLINK_IsHalted() -- CPU_ReadMem(4 bytes @ 0x41002100)  returns FALSE (0000ms, 56632ms total)
T405CC 3537:700 JLINK_IsHalted() -- CPU_ReadMem(4 bytes @ 0x41002100)  returns FALSE (0000ms, 56632ms total)
T405CC 3537:900 JLINK_IsHalted() -- CPU_ReadMem(4 bytes @ 0x41002100)  returns FALSE (0001ms, 56633ms total)
T405CC 3538:101 JLINK_IsHalted() -- CPU_ReadMem(4 bytes @ 0x41002100)  returns FALSE (0001ms, 56633ms total)
T405CC 3538:302 JLINK_IsHalted() -- CPU_ReadMem(4 bytes @ 0x41002100)  returns FALSE (0001ms, 56633ms total)
T405CC 3538:506 JLINK_IsHalted() -- CPU_ReadMem(4 bytes @ 0x41002100)  returns FALSE (0000ms, 56632ms total)
T405CC 3538:707 JLINK_IsHalted() -- CPU_ReadMem(4 bytes @ 0x41002100)  returns FALSE (0001ms, 56633ms total)
T405CC 3538:908 JLINK_IsHalted() -- CPU_ReadMem(4 bytes @ 0x41002100)  returns FALSE (0001ms, 56634ms total)
T405CC 3539:109 JLINK_IsHalted() -- CPU_ReadMem(4 bytes @ 0x41002100)  returns FALSE (0001ms, 56635ms total)
T405CC 3539:314 JLINK_IsHalted() -- CPU_ReadMem(4 bytes @ 0x41002100)  returns FALSE (0001ms, 56635ms total)
T405CC 3539:515 JLINK_IsHalted() -- CPU_ReadMem(4 bytes @ 0x41002100)  returns FALSE (0000ms, 56634ms total)
T405CC 3539:716 JLINK_IsHalted() -- CPU_ReadMem(4 bytes @ 0x41002100)  returns FALSE (0000ms, 56634ms total)
T405CC 3539:917 JLINK_IsHalted() -- CPU_ReadMem(4 bytes @ 0x41002100)  returns FALSE (0001ms, 56635ms total)
T405CC 3540:118 JLINK_IsHalted() -- CPU_ReadMem(4 bytes @ 0x41002100)  returns FALSE (0001ms, 56635ms total)
T405CC 3540:319 JLINK_IsHalted() -- CPU_ReadMem(4 bytes @ 0x41002100)  returns FALSE (0001ms, 56635ms total)
T405CC 3540:520 JLINK_IsHalted() -- CPU_ReadMem(4 bytes @ 0x41002100)  returns FALSE (0001ms, 56635ms total)
T405CC 3540:722 JLINK_IsHalted() -- CPU_ReadMem(4 bytes @ 0x41002100)  returns FALSE (0001ms, 56635ms total)
T405CC 3540:923 JLINK_IsHalted() -- CPU_ReadMem(4 bytes @ 0x41002100)  returns FALSE (0001ms, 56635ms total)
T405CC 3541:125 JLINK_IsHalted() -- CPU_ReadMem(4 bytes @ 0x41002100)  returns FALSE (0000ms, 56634ms total)
T405CC 3541:326 JLINK_IsHalted() -- CPU_ReadMem(4 bytes @ 0x41002100)  returns FALSE (0000ms, 56634ms total)
T405CC 3541:527 JLINK_IsHalted() -- CPU_ReadMem(4 bytes @ 0x41002100)  returns FALSE (0001ms, 56635ms total)
T405CC 3541:729 JLINK_IsHalted() -- CPU_ReadMem(4 bytes @ 0x41002100)  returns FALSE (0001ms, 56635ms total)
T405CC 3541:930 JLINK_IsHalted() -- CPU_ReadMem(4 bytes @ 0x41002100)  returns FALSE (0001ms, 56635ms total)
T405CC 3542:132 JLINK_IsHalted() -- CPU_ReadMem(4 bytes @ 0x41002100)  returns FALSE (0001ms, 56635ms total)
T405CC 3542:334 JLINK_IsHalted() -- CPU_ReadMem(4 bytes @ 0x41002100)  returns FALSE (0001ms, 56635ms total)
T405CC 3542:536 JLINK_IsHalted() -- CPU_ReadMem(4 bytes @ 0x41002100)  returns FALSE (0000ms, 56634ms total)
T405CC 3542:737 JLINK_IsHalted() -- CPU_ReadMem(4 bytes @ 0x41002100)  returns FALSE (0000ms, 56634ms total)
T405CC 3542:939 JLINK_IsHalted() -- CPU_ReadMem(4 bytes @ 0x41002100)  returns FALSE (0001ms, 56635ms total)
T405CC 3543:141 JLINK_IsHalted() -- CPU_ReadMem(4 bytes @ 0x41002100)  returns FALSE (0001ms, 56635ms total)
T405CC 3543:342 JLINK_IsHalted() -- CPU_ReadMem(4 bytes @ 0x41002100)  returns FALSE (0001ms, 56635ms total)
T405CC 3543:543 JLINK_IsHalted() -- CPU_ReadMem(4 bytes @ 0x41002100)  returns FALSE (0001ms, 56635ms total)
T405CC 3543:744 JLINK_IsHalted() -- CPU_ReadMem(4 bytes @ 0x41002100)  returns FALSE (0001ms, 56635ms total)
T405CC 3543:945 JLINK_IsHalted() -- CPU_ReadMem(4 bytes @ 0x41002100)  returns FALSE (0001ms, 56635ms total)
T405CC 3544:148 JLINK_IsHalted() -- CPU_ReadMem(4 bytes @ 0x41002100)  returns FALSE (0000ms, 56634ms total)
T405CC 3544:348 JLINK_IsHalted() -- CPU_ReadMem(4 bytes @ 0x41002100)  returns FALSE (0001ms, 56635ms total)
T405CC 3544:549 JLINK_IsHalted() -- CPU_ReadMem(4 bytes @ 0x41002100)  returns FALSE (0001ms, 56635ms total)
T405CC 3544:750 JLINK_IsHalted() -- CPU_ReadMem(4 bytes @ 0x41002100)  returns FALSE (0000ms, 56634ms total)
T405CC 3544:950 JLINK_IsHalted() -- CPU_ReadMem(4 bytes @ 0x41002100)  returns FALSE (0001ms, 56635ms total)
T405CC 3545:152 JLINK_IsHalted() -- CPU_ReadMem(4 bytes @ 0x41002100)  returns FALSE (0000ms, 56634ms total)
T405CC 3545:356 JLINK_IsHalted() -- CPU_ReadMem(4 bytes @ 0x41002100)  returns FALSE (0001ms, 56635ms total)
T405CC 3545:557 JLINK_IsHalted() -- CPU_ReadMem(4 bytes @ 0x41002100)  returns FALSE (0001ms, 56635ms total)
T405CC 3545:759 JLINK_IsHalted() -- CPU_ReadMem(4 bytes @ 0x41002100)  returns FALSE (0001ms, 56635ms total)
T405CC 3545:961 JLINK_IsHalted() -- CPU_ReadMem(4 bytes @ 0x41002100)  returns FALSE (0001ms, 56635ms total)
T405CC 3546:163 JLINK_IsHalted() -- CPU_ReadMem(4 bytes @ 0x41002100)  returns FALSE (0001ms, 56635ms total)
T405CC 3546:364 JLINK_IsHalted() -- CPU_ReadMem(4 bytes @ 0x41002100)  returns FALSE (0001ms, 56635ms total)
T405CC 3546:565 JLINK_IsHalted() -- CPU_ReadMem(4 bytes @ 0x41002100)  returns FALSE (0001ms, 56635ms total)
T405CC 3546:767 JLINK_IsHalted() -- CPU_ReadMem(4 bytes @ 0x41002100)  returns FALSE (0000ms, 56634ms total)
T405CC 3546:968 JLINK_IsHalted() -- CPU_ReadMem(4 bytes @ 0x41002100)  returns FALSE (0000ms, 56634ms total)
T405CC 3547:169 JLINK_IsHalted() -- CPU_ReadMem(4 bytes @ 0x41002100)  returns FALSE (0001ms, 56635ms total)
T405CC 3547:371 JLINK_IsHalted() -- CPU_ReadMem(4 bytes @ 0x41002100)  returns FALSE (0000ms, 56634ms total)
T405CC 3547:572 JLINK_IsHalted() -- CPU_ReadMem(4 bytes @ 0x41002100)  returns FALSE (0000ms, 56634ms total)
T405CC 3547:773 JLINK_IsHalted() -- CPU_ReadMem(4 bytes @ 0x41002100)  returns FALSE (0000ms, 56634ms total)
T405CC 3547:973 JLINK_IsHalted() -- CPU_ReadMem(4 bytes @ 0x41002100)  returns FALSE (0001ms, 56635ms total)
T405CC 3548:175 JLINK_IsHalted() -- CPU_ReadMem(4 bytes @ 0x41002100)  returns FALSE (0001ms, 56635ms total)
T405CC 3548:377 JLINK_IsHalted() -- CPU_ReadMem(4 bytes @ 0x41002100)  returns FALSE (0000ms, 56634ms total)
T405CC 3548:581 JLINK_IsHalted() -- CPU_ReadMem(4 bytes @ 0x41002100)  returns FALSE (0001ms, 56635ms total)
T405CC 3548:783 JLINK_IsHalted() -- CPU_ReadMem(4 bytes @ 0x41002100)  returns FALSE (0000ms, 56634ms total)
T405CC 3548:988 JLINK_IsHalted() -- CPU_ReadMem(4 bytes @ 0x41002100)  returns FALSE (0001ms, 56635ms total)
T405CC 3549:189 JLINK_IsHalted() -- CPU_ReadMem(4 bytes @ 0x41002100)  returns FALSE (0001ms, 56635ms total)
T405CC 3549:390 JLINK_IsHalted() -- CPU_ReadMem(4 bytes @ 0x41002100)  returns FALSE (0000ms, 56634ms total)
T405CC 3549:590 JLINK_IsHalted() -- CPU_ReadMem(4 bytes @ 0x41002100)  returns FALSE (0001ms, 56635ms total)
T405CC 3549:792 JLINK_IsHalted() -- CPU_ReadMem(4 bytes @ 0x41002100)  returns FALSE (0001ms, 56635ms total)
T405CC 3549:993 JLINK_IsHalted() -- CPU_ReadMem(4 bytes @ 0x41002100)  returns FALSE (0001ms, 56635ms total)
T405CC 3550:194 JLINK_IsHalted() -- CPU_ReadMem(4 bytes @ 0x41002100)  returns FALSE (0001ms, 56635ms total)
T405CC 3550:395 JLINK_IsHalted() -- CPU_ReadMem(4 bytes @ 0x41002100)  returns FALSE (0001ms, 56635ms total)
T405CC 3550:597 JLINK_IsHalted() -- CPU_ReadMem(4 bytes @ 0x41002100)  returns FALSE (0001ms, 56635ms total)
T405CC 3550:801 JLINK_IsHalted() -- CPU_ReadMem(4 bytes @ 0x41002100)  returns FALSE (0000ms, 56634ms total)
T405CC 3551:002 JLINK_IsHalted() -- CPU_ReadMem(4 bytes @ 0x41002100)  returns FALSE (0001ms, 56635ms total)
T405CC 3551:205 JLINK_IsHalted() -- CPU_ReadMem(4 bytes @ 0x41002100)  returns FALSE (0000ms, 56634ms total)
T405CC 3551:405 JLINK_IsHalted() -- CPU_ReadMem(4 bytes @ 0x41002100)  returns FALSE (0001ms, 56635ms total)
T405CC 3551:606 JLINK_IsHalted() -- CPU_ReadMem(4 bytes @ 0x41002100)  returns FALSE (0000ms, 56634ms total)
T405CC 3551:807 JLINK_IsHalted() -- CPU_ReadMem(4 bytes @ 0x41002100)  returns FALSE (0000ms, 56634ms total)
T405CC 3552:008 JLINK_IsHalted() -- CPU_ReadMem(4 bytes @ 0x41002100)  returns FALSE (0000ms, 56634ms total)
T405CC 3552:209 JLINK_IsHalted() -- CPU_ReadMem(4 bytes @ 0x41002100)  returns FALSE (0000ms, 56634ms total)
T405CC 3552:410 JLINK_IsHalted() -- CPU_ReadMem(4 bytes @ 0x41002100)  returns FALSE (0001ms, 56635ms total)
T405CC 3552:611 JLINK_IsHalted() -- CPU_ReadMem(4 bytes @ 0x41002100)  returns FALSE (0001ms, 56635ms total)
T405CC 3552:812 JLINK_IsHalted() -- CPU_ReadMem(4 bytes @ 0x41002100)  returns FALSE (0000ms, 56634ms total)
T405CC 3553:013 JLINK_IsHalted() -- CPU_ReadMem(4 bytes @ 0x41002100)  returns FALSE (0000ms, 56634ms total)
T405CC 3553:213 JLINK_IsHalted() -- CPU_ReadMem(4 bytes @ 0x41002100)  returns FALSE (0001ms, 56635ms total)
T405CC 3553:414 JLINK_IsHalted() -- CPU_ReadMem(4 bytes @ 0x41002100)  returns FALSE (0001ms, 56635ms total)
T405CC 3553:616 JLINK_IsHalted() -- CPU_ReadMem(4 bytes @ 0x41002100)  returns FALSE (0000ms, 56634ms total)
T405CC 3553:818 JLINK_IsHalted() -- CPU_ReadMem(4 bytes @ 0x41002100)  returns FALSE (0000ms, 56634ms total)
T405CC 3554:018 JLINK_IsHalted() -- CPU_ReadMem(4 bytes @ 0x41002100)  returns FALSE (0001ms, 56635ms total)
T405CC 3554:220 JLINK_IsHalted() -- CPU_ReadMem(4 bytes @ 0x41002100)  returns FALSE (0001ms, 56635ms total)
T405CC 3554:421 JLINK_IsHalted() -- CPU_ReadMem(4 bytes @ 0x41002100)  returns FALSE (0001ms, 56635ms total)
T405CC 3554:622 JLINK_IsHalted() -- CPU_ReadMem(4 bytes @ 0x41002100)  returns FALSE (0000ms, 56634ms total)
T405CC 3554:822 JLINK_IsHalted() -- CPU_ReadMem(4 bytes @ 0x41002100)  returns FALSE (0001ms, 56635ms total)
T405CC 3555:023 JLINK_IsHalted() -- CPU_ReadMem(4 bytes @ 0x41002100)  returns FALSE (0001ms, 56635ms total)
T405CC 3555:224 JLINK_IsHalted() -- CPU_ReadMem(4 bytes @ 0x41002100)  returns FALSE (0001ms, 56635ms total)
T405CC 3555:425 JLINK_IsHalted() -- CPU_ReadMem(4 bytes @ 0x41002100)  returns FALSE (0000ms, 56634ms total)
T405CC 3555:626 JLINK_IsHalted() -- CPU_ReadMem(4 bytes @ 0x41002100)  returns FALSE (0001ms, 56635ms total)
T405CC 3555:828 JLINK_IsHalted() -- CPU_ReadMem(4 bytes @ 0x41002100)  returns FALSE (0000ms, 56634ms total)
T405CC 3556:029 JLINK_IsHalted() -- CPU_ReadMem(4 bytes @ 0x41002100)  returns FALSE (0000ms, 56634ms total)
T405CC 3556:230 JLINK_IsHalted() -- CPU_ReadMem(4 bytes @ 0x41002100)  returns FALSE (0001ms, 56635ms total)
T405CC 3556:431 JLINK_IsHalted() -- CPU_ReadMem(4 bytes @ 0x41002100)  returns FALSE (0000ms, 56634ms total)
T405CC 3556:632 JLINK_IsHalted() -- CPU_ReadMem(4 bytes @ 0x41002100)  returns FALSE (0001ms, 56635ms total)
T405CC 3556:833 JLINK_IsHalted() -- CPU_ReadMem(4 bytes @ 0x41002100)  returns FALSE (0000ms, 56634ms total)
T405CC 3557:034 JLINK_IsHalted() -- CPU_ReadMem(4 bytes @ 0x41002100)  returns FALSE (0001ms, 56635ms total)
T405CC 3557:235 JLINK_IsHalted() -- CPU_ReadMem(4 bytes @ 0x41002100)  returns FALSE (0001ms, 56635ms total)
T405CC 3557:436 JLINK_IsHalted() -- CPU_ReadMem(4 bytes @ 0x41002100)  returns FALSE (0001ms, 56636ms total)
T405CC 3557:637 JLINK_IsHalted() -- CPU_ReadMem(4 bytes @ 0x41002100)  returns FALSE (0001ms, 56636ms total)
T405CC 3557:838 JLINK_IsHalted() -- CPU_ReadMem(4 bytes @ 0x41002100)  returns FALSE (0001ms, 56636ms total)
T405CC 3558:039 JLINK_IsHalted() -- CPU_ReadMem(4 bytes @ 0x41002100)  returns FALSE (0001ms, 56636ms total)
T405CC 3558:240 JLINK_IsHalted() -- CPU_ReadMem(4 bytes @ 0x41002100)  returns FALSE (0001ms, 56636ms total)
T405CC 3558:443 JLINK_IsHalted() -- CPU_ReadMem(4 bytes @ 0x41002100)  returns FALSE (0001ms, 56636ms total)
T405CC 3558:644 JLINK_IsHalted() -- CPU_ReadMem(4 bytes @ 0x41002100)  returns FALSE (0001ms, 56636ms total)
T405CC 3558:848 JLINK_IsHalted() -- CPU_ReadMem(4 bytes @ 0x41002100)  returns FALSE (0001ms, 56636ms total)
T405CC 3559:054 JLINK_IsHalted() -- CPU_ReadMem(4 bytes @ 0x41002100)  returns FALSE (0001ms, 56636ms total)
T405CC 3559:256 JLINK_IsHalted() -- CPU_ReadMem(4 bytes @ 0x41002100)  returns FALSE (0000ms, 56635ms total)
T405CC 3559:457 JLINK_IsHalted() -- CPU_ReadMem(4 bytes @ 0x41002100)  returns FALSE (0001ms, 56636ms total)
T405CC 3559:659 JLINK_IsHalted() -- CPU_ReadMem(4 bytes @ 0x41002100)  returns FALSE (0000ms, 56635ms total)
T405CC 3559:860 JLINK_IsHalted() -- CPU_ReadMem(4 bytes @ 0x41002100)  returns FALSE (0000ms, 56635ms total)
T405CC 3560:061 JLINK_IsHalted() -- CPU_ReadMem(4 bytes @ 0x41002100)  returns FALSE (0001ms, 56636ms total)
T405CC 3560:263 JLINK_IsHalted() -- CPU_ReadMem(4 bytes @ 0x41002100)  returns FALSE (0000ms, 56635ms total)
T405CC 3560:464 JLINK_IsHalted() -- CPU_ReadMem(4 bytes @ 0x41002100)  returns FALSE (0000ms, 56635ms total)
T405CC 3560:666 JLINK_IsHalted() -- CPU_ReadMem(4 bytes @ 0x41002100)  returns FALSE (0000ms, 56635ms total)
T405CC 3560:868 JLINK_IsHalted() -- CPU_ReadMem(4 bytes @ 0x41002100)  returns FALSE (0000ms, 56635ms total)
T405CC 3561:069 JLINK_IsHalted() -- CPU_ReadMem(4 bytes @ 0x41002100)  returns FALSE (0000ms, 56635ms total)
T405CC 3561:270 JLINK_IsHalted() -- CPU_ReadMem(4 bytes @ 0x41002100)  returns FALSE (0000ms, 56635ms total)
T405CC 3561:472 JLINK_IsHalted() -- CPU_ReadMem(4 bytes @ 0x41002100)  returns FALSE (0001ms, 56636ms total)
T405CC 3561:673 JLINK_IsHalted() -- CPU_ReadMem(4 bytes @ 0x41002100)  returns FALSE (0000ms, 56635ms total)
T405CC 3561:874 JLINK_IsHalted() -- CPU_ReadMem(4 bytes @ 0x41002100)  returns FALSE (0000ms, 56635ms total)
T405CC 3562:074 JLINK_IsHalted() -- CPU_ReadMem(4 bytes @ 0x41002100)  returns FALSE (0001ms, 56636ms total)
T405CC 3562:275 JLINK_IsHalted() -- CPU_ReadMem(4 bytes @ 0x41002100)  returns FALSE (0001ms, 56637ms total)
T405CC 3562:478 JLINK_IsHalted() -- CPU_ReadMem(4 bytes @ 0x41002100)  returns FALSE (0000ms, 56637ms total)
T405CC 3562:679 JLINK_IsHalted() -- CPU_ReadMem(4 bytes @ 0x41002100)  returns FALSE (0000ms, 56637ms total)
T405CC 3562:880 JLINK_IsHalted() -- CPU_ReadMem(4 bytes @ 0x41002100)  returns FALSE (0001ms, 56638ms total)
T405CC 3563:082 JLINK_IsHalted() -- CPU_ReadMem(4 bytes @ 0x41002100)  returns FALSE (0000ms, 56637ms total)
T405CC 3563:284 JLINK_IsHalted() -- CPU_ReadMem(4 bytes @ 0x41002100)  returns FALSE (0000ms, 56637ms total)
T405CC 3563:484 JLINK_IsHalted() -- CPU_ReadMem(4 bytes @ 0x41002100)  returns FALSE (0001ms, 56638ms total)
T405CC 3563:685 JLINK_IsHalted() -- CPU_ReadMem(4 bytes @ 0x41002100)  returns FALSE (0001ms, 56638ms total)
T405CC 3563:888 JLINK_IsHalted() -- CPU_ReadMem(4 bytes @ 0x41002100)  returns FALSE (0000ms, 56637ms total)
T405CC 3564:088 JLINK_IsHalted() -- CPU_ReadMem(4 bytes @ 0x41002100)  returns FALSE (0001ms, 56638ms total)
T405CC 3564:289 JLINK_IsHalted() -- CPU_ReadMem(4 bytes @ 0x41002100)  returns FALSE (0000ms, 56637ms total)
T405CC 3564:490 JLINK_IsHalted() -- CPU_ReadMem(4 bytes @ 0x41002100)  returns FALSE (0001ms, 56638ms total)
T405CC 3564:691 JLINK_IsHalted() -- CPU_ReadMem(4 bytes @ 0x41002100)  returns FALSE (0001ms, 56638ms total)
T405CC 3564:892 JLINK_IsHalted() -- CPU_ReadMem(4 bytes @ 0x41002100)  returns FALSE (0001ms, 56638ms total)
T405CC 3565:093 JLINK_IsHalted() -- CPU_ReadMem(4 bytes @ 0x41002100)  returns FALSE (0001ms, 56638ms total)
T405CC 3565:296 JLINK_IsHalted() -- CPU_ReadMem(4 bytes @ 0x41002100)  returns FALSE (0001ms, 56638ms total)
T405CC 3565:504 JLINK_IsHalted() -- CPU_ReadMem(4 bytes @ 0x41002100)  returns FALSE (0000ms, 56637ms total)
T405CC 3565:704 JLINK_IsHalted() -- CPU_ReadMem(4 bytes @ 0x41002100)  returns FALSE (0001ms, 56638ms total)
T405CC 3565:906 JLINK_IsHalted() -- CPU_ReadMem(4 bytes @ 0x41002100)  returns FALSE (0000ms, 56637ms total)
T405CC 3566:106 JLINK_IsHalted() -- CPU_ReadMem(4 bytes @ 0x41002100)  returns FALSE (0001ms, 56638ms total)
T405CC 3566:307 JLINK_IsHalted() -- CPU_ReadMem(4 bytes @ 0x41002100)  returns FALSE (0001ms, 56638ms total)
T405CC 3566:509 JLINK_IsHalted() -- CPU_ReadMem(4 bytes @ 0x41002100)  returns FALSE (0000ms, 56637ms total)
T405CC 3566:709 JLINK_IsHalted() -- CPU_ReadMem(4 bytes @ 0x41002100)  returns FALSE (0001ms, 56638ms total)
T405CC 3566:911 JLINK_IsHalted() -- CPU_ReadMem(4 bytes @ 0x41002100)  returns FALSE (0000ms, 56637ms total)
T405CC 3567:115 JLINK_IsHalted() -- CPU_ReadMem(4 bytes @ 0x41002100)  returns FALSE (0001ms, 56638ms total)
T405CC 3567:317 JLINK_IsHalted() -- CPU_ReadMem(4 bytes @ 0x41002100)  returns FALSE (0001ms, 56638ms total)
T405CC 3567:519 JLINK_IsHalted() -- CPU_ReadMem(4 bytes @ 0x41002100)  returns FALSE (0000ms, 56637ms total)
T405CC 3567:721 JLINK_IsHalted() -- CPU_ReadMem(4 bytes @ 0x41002100)  returns FALSE (0000ms, 56637ms total)
T405CC 3567:922 JLINK_IsHalted() -- CPU_ReadMem(4 bytes @ 0x41002100)  returns FALSE (0000ms, 56637ms total)
T405CC 3568:123 JLINK_IsHalted() -- CPU_ReadMem(4 bytes @ 0x41002100)  returns FALSE (0000ms, 56637ms total)
T405CC 3568:324 JLINK_IsHalted() -- CPU_ReadMem(4 bytes @ 0x41002100)  returns FALSE (0000ms, 56637ms total)
T405CC 3568:525 JLINK_IsHalted() -- CPU_ReadMem(4 bytes @ 0x41002100)  returns FALSE (0000ms, 56637ms total)
T405CC 3568:726 JLINK_IsHalted() -- CPU_ReadMem(4 bytes @ 0x41002100)  returns FALSE (0000ms, 56637ms total)
T405CC 3568:927 JLINK_IsHalted() -- CPU_ReadMem(4 bytes @ 0x41002100)  returns FALSE (0001ms, 56638ms total)
T405CC 3569:128 JLINK_IsHalted() -- CPU_ReadMem(4 bytes @ 0x41002100)  returns FALSE (0001ms, 56638ms total)
T405CC 3569:329 JLINK_IsHalted() -- CPU_ReadMem(4 bytes @ 0x41002100)  returns FALSE (0001ms, 56638ms total)
T405CC 3569:530 JLINK_IsHalted() -- CPU_ReadMem(4 bytes @ 0x41002100)  returns FALSE (0001ms, 56638ms total)
T405CC 3569:732 JLINK_IsHalted() -- CPU_ReadMem(4 bytes @ 0x41002100)  returns FALSE (0000ms, 56637ms total)
T405CC 3569:932 JLINK_IsHalted() -- CPU_ReadMem(4 bytes @ 0x41002100)  returns FALSE (0001ms, 56638ms total)
T405CC 3570:133 JLINK_IsHalted() -- CPU_ReadMem(4 bytes @ 0x41002100)  returns FALSE (0000ms, 56637ms total)
T405CC 3570:335 JLINK_IsHalted() -- CPU_ReadMem(4 bytes @ 0x41002100)  returns FALSE (0000ms, 56637ms total)
T405CC 3570:536 JLINK_IsHalted() -- CPU_ReadMem(4 bytes @ 0x41002100)  returns FALSE (0000ms, 56637ms total)
T405CC 3570:737 JLINK_IsHalted() -- CPU_ReadMem(4 bytes @ 0x41002100)  returns FALSE (0001ms, 56638ms total)
T405CC 3570:938 JLINK_IsHalted() -- CPU_ReadMem(4 bytes @ 0x41002100)  returns FALSE (0001ms, 56638ms total)
T405CC 3571:140 JLINK_IsHalted() -- CPU_ReadMem(4 bytes @ 0x41002100)  returns FALSE (0001ms, 56639ms total)
T405CC 3571:342 JLINK_IsHalted() -- CPU_ReadMem(4 bytes @ 0x41002100)  returns FALSE (0000ms, 56638ms total)
T405CC 3571:544 JLINK_IsHalted() -- CPU_ReadMem(4 bytes @ 0x41002100)  returns FALSE (0001ms, 56639ms total)
T405CC 3571:745 JLINK_IsHalted() -- CPU_ReadMem(4 bytes @ 0x41002100)  returns FALSE (0001ms, 56639ms total)
T405CC 3571:946 JLINK_IsHalted() -- CPU_ReadMem(4 bytes @ 0x41002100)  returns FALSE (0001ms, 56639ms total)
T405CC 3572:147 JLINK_IsHalted() -- CPU_ReadMem(4 bytes @ 0x41002100)  returns FALSE (0001ms, 56639ms total)
T405CC 3572:348 JLINK_IsHalted() -- CPU_ReadMem(4 bytes @ 0x41002100)  returns FALSE (0000ms, 56638ms total)
T405CC 3572:549 JLINK_IsHalted() -- CPU_ReadMem(4 bytes @ 0x41002100)  returns FALSE (0001ms, 56639ms total)
T405CC 3572:751 JLINK_IsHalted() -- CPU_ReadMem(4 bytes @ 0x41002100)  returns FALSE (0000ms, 56638ms total)
T405CC 3572:953 JLINK_IsHalted() -- CPU_ReadMem(4 bytes @ 0x41002100)  returns FALSE (0001ms, 56639ms total)
T405CC 3573:155 JLINK_IsHalted() -- CPU_ReadMem(4 bytes @ 0x41002100)  returns FALSE (0001ms, 56639ms total)
T405CC 3573:356 JLINK_IsHalted() -- CPU_ReadMem(4 bytes @ 0x41002100)  returns FALSE (0000ms, 56638ms total)
T405CC 3573:557 JLINK_IsHalted() -- CPU_ReadMem(4 bytes @ 0x41002100)  returns FALSE (0000ms, 56638ms total)
T405CC 3573:758 JLINK_IsHalted() -- CPU_ReadMem(4 bytes @ 0x41002100)  returns FALSE (0000ms, 56638ms total)
T405CC 3573:959 JLINK_IsHalted() -- CPU_ReadMem(4 bytes @ 0x41002100)  returns FALSE (0000ms, 56638ms total)
T405CC 3574:159 JLINK_IsHalted() -- CPU_ReadMem(4 bytes @ 0x41002100)  returns FALSE (0001ms, 56639ms total)
T405CC 3574:363 JLINK_IsHalted() -- CPU_ReadMem(4 bytes @ 0x41002100)  returns FALSE (0001ms, 56639ms total)
T405CC 3574:564 JLINK_IsHalted() -- CPU_ReadMem(4 bytes @ 0x41002100)  returns FALSE (0001ms, 56639ms total)
T405CC 3574:765 JLINK_IsHalted() -- CPU_ReadMem(4 bytes @ 0x41002100)  returns FALSE (0000ms, 56638ms total)
T405CC 3574:965 JLINK_IsHalted() -- CPU_ReadMem(4 bytes @ 0x41002100)  returns FALSE (0001ms, 56639ms total)
T405CC 3575:166 JLINK_IsHalted() -- CPU_ReadMem(4 bytes @ 0x41002100)  returns FALSE (0001ms, 56639ms total)
T405CC 3575:368 JLINK_IsHalted() -- CPU_ReadMem(4 bytes @ 0x41002100)  returns FALSE (0000ms, 56638ms total)
T405CC 3575:569 JLINK_IsHalted() -- CPU_ReadMem(4 bytes @ 0x41002100)  returns FALSE (0001ms, 56639ms total)
T405CC 3575:770 JLINK_IsHalted() -- CPU_ReadMem(4 bytes @ 0x41002100)  returns FALSE (0001ms, 56639ms total)
T405CC 3575:971 JLINK_IsHalted() -- CPU_ReadMem(4 bytes @ 0x41002100)  returns FALSE (0001ms, 56639ms total)
T405CC 3576:173 JLINK_IsHalted() -- CPU_ReadMem(4 bytes @ 0x41002100)  returns FALSE (0000ms, 56638ms total)
T405CC 3576:374 JLINK_IsHalted() -- CPU_ReadMem(4 bytes @ 0x41002100)  returns FALSE (0000ms, 56638ms total)
T405CC 3576:575 JLINK_IsHalted() -- CPU_ReadMem(4 bytes @ 0x41002100)  returns FALSE (0000ms, 56638ms total)
T405CC 3576:776 JLINK_IsHalted() -- CPU_ReadMem(4 bytes @ 0x41002100)  returns FALSE (0000ms, 56638ms total)
T405CC 3576:977 JLINK_IsHalted() -- CPU_ReadMem(4 bytes @ 0x41002100)  returns FALSE (0000ms, 56638ms total)
T405CC 3577:178 JLINK_IsHalted() -- CPU_ReadMem(4 bytes @ 0x41002100)  returns FALSE (0001ms, 56639ms total)
T405CC 3577:381 JLINK_IsHalted() -- CPU_ReadMem(4 bytes @ 0x41002100)  returns FALSE (0001ms, 56639ms total)
T405CC 3577:582 JLINK_IsHalted() -- CPU_ReadMem(4 bytes @ 0x41002100)  returns FALSE (0001ms, 56639ms total)
T405CC 3577:784 JLINK_IsHalted() -- CPU_ReadMem(4 bytes @ 0x41002100)  returns FALSE (0000ms, 56638ms total)
T405CC 3577:985 JLINK_IsHalted() -- CPU_ReadMem(4 bytes @ 0x41002100)  returns FALSE (0001ms, 56639ms total)
T405CC 3578:187 JLINK_IsHalted() -- CPU_ReadMem(4 bytes @ 0x41002100)  returns FALSE (0000ms, 56638ms total)
T405CC 3578:388 JLINK_IsHalted() -- CPU_ReadMem(4 bytes @ 0x41002100)  returns FALSE (0001ms, 56639ms total)
T405CC 3578:589 JLINK_IsHalted() -- CPU_ReadMem(4 bytes @ 0x41002100)  returns FALSE (0001ms, 56639ms total)
T405CC 3578:790 JLINK_IsHalted() -- CPU_ReadMem(4 bytes @ 0x41002100)  returns FALSE (0000ms, 56638ms total)
T405CC 3578:991 JLINK_IsHalted() -- CPU_ReadMem(4 bytes @ 0x41002100)  returns FALSE (0000ms, 56638ms total)
T405CC 3579:192 JLINK_IsHalted() -- CPU_ReadMem(4 bytes @ 0x41002100)  returns FALSE (0001ms, 56639ms total)
T405CC 3579:393 JLINK_IsHalted() -- CPU_ReadMem(4 bytes @ 0x41002100)  returns FALSE (0001ms, 56639ms total)
T405CC 3579:595 JLINK_IsHalted() -- CPU_ReadMem(4 bytes @ 0x41002100)  returns FALSE (0000ms, 56638ms total)
T405CC 3579:796 JLINK_IsHalted() -- CPU_ReadMem(4 bytes @ 0x41002100)  returns FALSE (0000ms, 56638ms total)
T405CC 3579:997 JLINK_IsHalted() -- CPU_ReadMem(4 bytes @ 0x41002100)  returns FALSE (0000ms, 56638ms total)
T405CC 3580:199 JLINK_IsHalted() -- CPU_ReadMem(4 bytes @ 0x41002100)  returns FALSE (0001ms, 56639ms total)
T405CC 3580:403 JLINK_IsHalted() -- CPU_ReadMem(4 bytes @ 0x41002100)  returns FALSE (0000ms, 56638ms total)
T405CC 3580:605 JLINK_IsHalted() -- CPU_ReadMem(4 bytes @ 0x41002100)  returns FALSE (0000ms, 56638ms total)
T405CC 3580:806 JLINK_IsHalted() -- CPU_ReadMem(4 bytes @ 0x41002100)  returns FALSE (0001ms, 56639ms total)
T405CC 3581:008 JLINK_IsHalted() -- CPU_ReadMem(4 bytes @ 0x41002100)  returns FALSE (0000ms, 56638ms total)
T405CC 3581:209 JLINK_IsHalted() -- CPU_ReadMem(4 bytes @ 0x41002100)  returns FALSE (0001ms, 56639ms total)
T405CC 3581:411 JLINK_IsHalted() -- CPU_ReadMem(4 bytes @ 0x41002100)  returns FALSE (0001ms, 56639ms total)
T405CC 3581:613 JLINK_IsHalted() -- CPU_ReadMem(4 bytes @ 0x41002100)  returns FALSE (0000ms, 56638ms total)
T405CC 3581:814 JLINK_IsHalted() -- CPU_ReadMem(4 bytes @ 0x41002100)  returns FALSE (0000ms, 56638ms total)
T405CC 3582:020 JLINK_IsHalted() -- CPU_ReadMem(4 bytes @ 0x41002100)  returns FALSE (0001ms, 56639ms total)
T405CC 3582:221 JLINK_IsHalted() -- CPU_ReadMem(4 bytes @ 0x41002100)  returns FALSE (0000ms, 56638ms total)
T405CC 3582:423 JLINK_IsHalted() -- CPU_ReadMem(4 bytes @ 0x41002100)  returns FALSE (0000ms, 56638ms total)
T405CC 3582:624 JLINK_IsHalted() -- CPU_ReadMem(4 bytes @ 0x41002100)  returns FALSE (0000ms, 56638ms total)
T405CC 3582:826 JLINK_IsHalted() -- CPU_ReadMem(4 bytes @ 0x41002100)  returns FALSE (0001ms, 56639ms total)
T405CC 3583:027 JLINK_IsHalted() -- CPU_ReadMem(4 bytes @ 0x41002100)  returns FALSE (0001ms, 56639ms total)
T405CC 3583:228 JLINK_IsHalted() -- CPU_ReadMem(4 bytes @ 0x41002100)  returns FALSE (0001ms, 56639ms total)
T405CC 3583:429 JLINK_IsHalted() -- CPU_ReadMem(4 bytes @ 0x41002100)  returns FALSE (0001ms, 56639ms total)
T405CC 3583:630 JLINK_IsHalted() -- CPU_ReadMem(4 bytes @ 0x41002100)  returns FALSE (0001ms, 56639ms total)
T405CC 3583:831 JLINK_IsHalted() -- CPU_ReadMem(4 bytes @ 0x41002100)  returns FALSE (0001ms, 56639ms total)
T405CC 3584:032 JLINK_IsHalted() -- CPU_ReadMem(4 bytes @ 0x41002100)  returns FALSE (0000ms, 56638ms total)
T405CC 3584:233 JLINK_IsHalted() -- CPU_ReadMem(4 bytes @ 0x41002100)  returns FALSE (0000ms, 56638ms total)
T405CC 3584:433 JLINK_IsHalted() -- CPU_ReadMem(4 bytes @ 0x41002100)  returns FALSE (0001ms, 56639ms total)
T405CC 3584:634 JLINK_IsHalted() -- CPU_ReadMem(4 bytes @ 0x41002100)  returns FALSE (0001ms, 56639ms total)
T405CC 3584:835 JLINK_IsHalted() -- CPU_ReadMem(4 bytes @ 0x41002100)  returns FALSE (0001ms, 56639ms total)
T405CC 3585:037 JLINK_IsHalted() -- CPU_ReadMem(4 bytes @ 0x41002100)  returns FALSE (0000ms, 56638ms total)
T405CC 3585:237 JLINK_IsHalted() -- CPU_ReadMem(4 bytes @ 0x41002100)  returns FALSE (0001ms, 56639ms total)
T405CC 3585:438 JLINK_IsHalted() -- CPU_ReadMem(4 bytes @ 0x41002100)  returns FALSE (0001ms, 56639ms total)
T405CC 3585:639 JLINK_IsHalted() -- CPU_ReadMem(4 bytes @ 0x41002100)  returns FALSE (0001ms, 56639ms total)
T405CC 3585:841 JLINK_IsHalted() -- CPU_ReadMem(4 bytes @ 0x41002100)  returns FALSE (0001ms, 56639ms total)
T405CC 3586:043 JLINK_IsHalted() -- CPU_ReadMem(4 bytes @ 0x41002100)  returns FALSE (0000ms, 56638ms total)
T405CC 3586:244 JLINK_IsHalted() -- CPU_ReadMem(4 bytes @ 0x41002100)  returns FALSE (0000ms, 56638ms total)
T405CC 3586:445 JLINK_IsHalted() -- CPU_ReadMem(4 bytes @ 0x41002100)  returns FALSE (0000ms, 56638ms total)
T405CC 3586:646 JLINK_IsHalted() -- CPU_ReadMem(4 bytes @ 0x41002100)  returns FALSE (0000ms, 56638ms total)
T405CC 3586:847 JLINK_IsHalted() -- CPU_ReadMem(4 bytes @ 0x41002100)  returns FALSE (0001ms, 56639ms total)
T405CC 3587:048 JLINK_IsHalted() -- CPU_ReadMem(4 bytes @ 0x41002100)  returns FALSE (0000ms, 56639ms total)
T405CC 3587:249 JLINK_IsHalted() -- CPU_ReadMem(4 bytes @ 0x41002100)  returns FALSE (0000ms, 56639ms total)
T405CC 3587:450 JLINK_IsHalted() -- CPU_ReadMem(4 bytes @ 0x41002100)  returns FALSE (0000ms, 56639ms total)
T405CC 3587:651 JLINK_IsHalted() -- CPU_ReadMem(4 bytes @ 0x41002100)  returns FALSE (0000ms, 56639ms total)
T405CC 3587:852 JLINK_IsHalted() -- CPU_ReadMem(4 bytes @ 0x41002100)  returns FALSE (0001ms, 56640ms total)
T405CC 3588:053 JLINK_IsHalted() -- CPU_ReadMem(4 bytes @ 0x41002100)  returns FALSE (0001ms, 56641ms total)
T405CC 3588:254 JLINK_IsHalted() -- CPU_ReadMem(4 bytes @ 0x41002100)  returns FALSE (0001ms, 56641ms total)
T405CC 3588:457 JLINK_IsHalted() -- CPU_ReadMem(4 bytes @ 0x41002100)  returns FALSE (0000ms, 56640ms total)
T405CC 3588:657 JLINK_IsHalted() -- CPU_ReadMem(4 bytes @ 0x41002100)  returns FALSE (0001ms, 56641ms total)
T405CC 3588:859 JLINK_IsHalted() -- CPU_ReadMem(4 bytes @ 0x41002100)  returns FALSE (0000ms, 56640ms total)
T405CC 3589:060 JLINK_IsHalted() -- CPU_ReadMem(4 bytes @ 0x41002100)  returns FALSE (0000ms, 56640ms total)
T405CC 3589:264 JLINK_IsHalted() -- CPU_ReadMem(4 bytes @ 0x41002100)  returns FALSE (0000ms, 56640ms total)
T405CC 3589:465 JLINK_IsHalted() -- CPU_ReadMem(4 bytes @ 0x41002100)  returns FALSE (0000ms, 56640ms total)
T405CC 3589:666 JLINK_IsHalted() -- CPU_ReadMem(4 bytes @ 0x41002100)  returns FALSE (0000ms, 56640ms total)
T405CC 3589:868 JLINK_IsHalted() -- CPU_ReadMem(4 bytes @ 0x41002100)  returns FALSE (0000ms, 56640ms total)
T405CC 3590:069 JLINK_IsHalted() -- CPU_ReadMem(4 bytes @ 0x41002100)  returns FALSE (0001ms, 56641ms total)
T405CC 3590:270 JLINK_IsHalted() -- CPU_ReadMem(4 bytes @ 0x41002100)  returns FALSE (0001ms, 56641ms total)
T405CC 3590:472 JLINK_IsHalted() -- CPU_ReadMem(4 bytes @ 0x41002100)  returns FALSE (0001ms, 56641ms total)
T405CC 3590:674 JLINK_IsHalted() -- CPU_ReadMem(4 bytes @ 0x41002100)  returns FALSE (0000ms, 56640ms total)
T405CC 3590:875 JLINK_IsHalted() -- CPU_ReadMem(4 bytes @ 0x41002100)  returns FALSE (0001ms, 56641ms total)
T405CC 3591:077 JLINK_IsHalted() -- CPU_ReadMem(4 bytes @ 0x41002100)  returns FALSE (0000ms, 56640ms total)
T405CC 3591:279 JLINK_IsHalted() -- CPU_ReadMem(4 bytes @ 0x41002100)  returns FALSE (0000ms, 56640ms total)
T405CC 3591:481 JLINK_IsHalted() -- CPU_ReadMem(4 bytes @ 0x41002100)  returns FALSE (0001ms, 56641ms total)
T405CC 3591:683 JLINK_IsHalted() -- CPU_ReadMem(4 bytes @ 0x41002100)  returns FALSE (0000ms, 56640ms total)
T405CC 3591:884 JLINK_IsHalted() -- CPU_ReadMem(4 bytes @ 0x41002100)  returns FALSE (0001ms, 56641ms total)
T405CC 3592:086 JLINK_IsHalted() -- CPU_ReadMem(4 bytes @ 0x41002100)  returns FALSE (0000ms, 56640ms total)
T405CC 3592:290 JLINK_IsHalted() -- CPU_ReadMem(4 bytes @ 0x41002100)  returns FALSE (0000ms, 56640ms total)
T405CC 3592:492 JLINK_IsHalted() -- CPU_ReadMem(4 bytes @ 0x41002100)  returns FALSE (0001ms, 56641ms total)
T405CC 3592:693 JLINK_IsHalted() -- CPU_ReadMem(4 bytes @ 0x41002100)  returns FALSE (0001ms, 56641ms total)
T405CC 3592:894 JLINK_IsHalted() -- CPU_ReadMem(4 bytes @ 0x41002100)  returns FALSE (0001ms, 56641ms total)
T405CC 3593:098 JLINK_IsHalted() -- CPU_ReadMem(4 bytes @ 0x41002100)  returns FALSE (0001ms, 56641ms total)
T405CC 3593:300 JLINK_IsHalted() -- CPU_ReadMem(4 bytes @ 0x41002100)  returns FALSE (0000ms, 56640ms total)
T405CC 3593:504 JLINK_IsHalted() -- CPU_ReadMem(4 bytes @ 0x41002100)  returns FALSE (0000ms, 56640ms total)
T405CC 3593:705 JLINK_IsHalted() -- CPU_ReadMem(4 bytes @ 0x41002100)  returns FALSE (0000ms, 56640ms total)
T405CC 3593:905 JLINK_IsHalted() -- CPU_ReadMem(4 bytes @ 0x41002100)  returns FALSE (0001ms, 56641ms total)
T405CC 3594:107 JLINK_IsHalted() -- CPU_ReadMem(4 bytes @ 0x41002100)  returns FALSE (0000ms, 56640ms total)
T405CC 3594:307 JLINK_IsHalted() -- CPU_ReadMem(4 bytes @ 0x41002100)  returns FALSE (0001ms, 56641ms total)
T405CC 3594:508 JLINK_IsHalted() -- CPU_ReadMem(4 bytes @ 0x41002100)  returns FALSE (0001ms, 56641ms total)
T405CC 3594:709 JLINK_IsHalted() -- CPU_ReadMem(4 bytes @ 0x41002100)  returns FALSE (0001ms, 56641ms total)
T405CC 3594:910 JLINK_IsHalted() -- CPU_ReadMem(4 bytes @ 0x41002100)  returns FALSE (0001ms, 56641ms total)
T405CC 3595:114 JLINK_IsHalted() -- CPU_ReadMem(4 bytes @ 0x41002100)  returns FALSE (0000ms, 56640ms total)
T405CC 3595:317 JLINK_IsHalted() -- CPU_ReadMem(4 bytes @ 0x41002100)  returns FALSE (0001ms, 56641ms total)
T405CC 3595:521 JLINK_IsHalted() -- CPU_ReadMem(4 bytes @ 0x41002100)  returns FALSE (0001ms, 56641ms total)
T405CC 3595:723 JLINK_IsHalted() -- CPU_ReadMem(4 bytes @ 0x41002100)  returns FALSE (0000ms, 56640ms total)
T405CC 3595:925 JLINK_IsHalted() -- CPU_ReadMem(4 bytes @ 0x41002100)  returns FALSE (0000ms, 56640ms total)
T405CC 3596:125 JLINK_IsHalted() -- CPU_ReadMem(4 bytes @ 0x41002100)  returns FALSE (0001ms, 56641ms total)
T405CC 3596:326 JLINK_IsHalted() -- CPU_ReadMem(4 bytes @ 0x41002100)  returns FALSE (0001ms, 56641ms total)
T405CC 3596:527 JLINK_IsHalted() -- CPU_ReadMem(4 bytes @ 0x41002100)  returns FALSE (0000ms, 56640ms total)
T405CC 3596:727 JLINK_IsHalted() -- CPU_ReadMem(4 bytes @ 0x41002100)  returns FALSE (0001ms, 56641ms total)
T405CC 3596:928 JLINK_IsHalted() -- CPU_ReadMem(4 bytes @ 0x41002100)  returns FALSE (0001ms, 56641ms total)
T405CC 3597:133 JLINK_IsHalted() -- CPU_ReadMem(4 bytes @ 0x41002100)  returns FALSE (0001ms, 56642ms total)
T405CC 3597:334 JLINK_IsHalted() -- CPU_ReadMem(4 bytes @ 0x41002100)  returns FALSE (0001ms, 56642ms total)
T405CC 3597:535 JLINK_IsHalted() -- CPU_ReadMem(4 bytes @ 0x41002100)  returns FALSE (0000ms, 56641ms total)
T405CC 3597:736 JLINK_IsHalted() -- CPU_ReadMem(4 bytes @ 0x41002100)  returns FALSE (0000ms, 56641ms total)
T405CC 3597:937 JLINK_IsHalted() -- CPU_ReadMem(4 bytes @ 0x41002100)  returns FALSE (0001ms, 56642ms total)
T405CC 3598:138 JLINK_IsHalted() -- CPU_ReadMem(4 bytes @ 0x41002100)  returns FALSE (0001ms, 56642ms total)
T405CC 3598:340 JLINK_IsHalted() -- CPU_ReadMem(4 bytes @ 0x41002100)  returns FALSE (0001ms, 56642ms total)
T405CC 3598:541 JLINK_IsHalted() -- CPU_ReadMem(4 bytes @ 0x41002100)  returns FALSE (0001ms, 56642ms total)
T405CC 3598:742 JLINK_IsHalted() -- CPU_ReadMem(4 bytes @ 0x41002100)  returns FALSE (0000ms, 56641ms total)
T405CC 3598:944 JLINK_IsHalted() -- CPU_ReadMem(4 bytes @ 0x41002100)  returns FALSE (0000ms, 56641ms total)
T405CC 3599:144 JLINK_IsHalted() -- CPU_ReadMem(4 bytes @ 0x41002100)  returns FALSE (0001ms, 56642ms total)
T405CC 3599:347 JLINK_IsHalted() -- CPU_ReadMem(4 bytes @ 0x41002100)  returns FALSE (0001ms, 56642ms total)
T405CC 3599:549 JLINK_IsHalted() -- CPU_ReadMem(4 bytes @ 0x41002100)  returns FALSE (0000ms, 56641ms total)
T405CC 3599:751 JLINK_IsHalted() -- CPU_ReadMem(4 bytes @ 0x41002100)  returns FALSE (0000ms, 56641ms total)
T405CC 3599:952 JLINK_IsHalted() -- CPU_ReadMem(4 bytes @ 0x41002100)  returns FALSE (0000ms, 56641ms total)
T405CC 3600:155 JLINK_IsHalted() -- CPU_ReadMem(4 bytes @ 0x41002100)  returns FALSE (0000ms, 56641ms total)
T405CC 3600:357 JLINK_IsHalted() -- CPU_ReadMem(4 bytes @ 0x41002100)  returns FALSE (0000ms, 56641ms total)
T405CC 3600:558 JLINK_IsHalted() -- CPU_ReadMem(4 bytes @ 0x41002100)  returns FALSE (0001ms, 56642ms total)
T405CC 3600:759 JLINK_IsHalted() -- CPU_ReadMem(4 bytes @ 0x41002100)  returns FALSE (0001ms, 56642ms total)
T405CC 3600:961 JLINK_IsHalted() -- CPU_ReadMem(4 bytes @ 0x41002100)  returns FALSE (0001ms, 56642ms total)
T405CC 3601:163 JLINK_IsHalted() -- CPU_ReadMem(4 bytes @ 0x41002100)  returns FALSE (0000ms, 56641ms total)
T405CC 3601:365 JLINK_IsHalted() -- CPU_ReadMem(4 bytes @ 0x41002100)  returns FALSE (0000ms, 56641ms total)
T405CC 3601:566 JLINK_IsHalted() -- CPU_ReadMem(4 bytes @ 0x41002100)  returns FALSE (0000ms, 56641ms total)
T405CC 3601:769 JLINK_IsHalted() -- CPU_ReadMem(4 bytes @ 0x41002100)  returns FALSE (0000ms, 56641ms total)
T405CC 3601:970 JLINK_IsHalted() -- CPU_ReadMem(4 bytes @ 0x41002100)  returns FALSE (0001ms, 56642ms total)
T405CC 3602:171 JLINK_IsHalted() -- CPU_ReadMem(4 bytes @ 0x41002100)  returns FALSE (0001ms, 56642ms total)
T405CC 3602:373 JLINK_IsHalted() -- CPU_ReadMem(4 bytes @ 0x41002100)  returns FALSE (0000ms, 56641ms total)
T405CC 3602:574 JLINK_IsHalted() -- CPU_ReadMem(4 bytes @ 0x41002100)  returns FALSE (0001ms, 56642ms total)
T405CC 3602:776 JLINK_IsHalted() -- CPU_ReadMem(4 bytes @ 0x41002100)  returns FALSE (0000ms, 56641ms total)
T405CC 3602:977 JLINK_IsHalted() -- CPU_ReadMem(4 bytes @ 0x41002100)  returns FALSE (0000ms, 56641ms total)
T405CC 3603:177 JLINK_IsHalted() -- CPU_ReadMem(4 bytes @ 0x41002100)  returns FALSE (0001ms, 56642ms total)
T405CC 3603:378 JLINK_IsHalted() -- CPU_ReadMem(4 bytes @ 0x41002100)  returns FALSE (0001ms, 56642ms total)
T405CC 3603:583 JLINK_IsHalted() -- CPU_ReadMem(4 bytes @ 0x41002100)  returns FALSE (0000ms, 56641ms total)
T405CC 3603:783 JLINK_IsHalted() -- CPU_ReadMem(4 bytes @ 0x41002100)  returns FALSE (0001ms, 56642ms total)
T405CC 3603:984 JLINK_IsHalted() -- CPU_ReadMem(4 bytes @ 0x41002100)  returns FALSE (0001ms, 56642ms total)
T405CC 3604:186 JLINK_IsHalted() -- CPU_ReadMem(4 bytes @ 0x41002100)  returns FALSE (0000ms, 56641ms total)
T405CC 3604:386 JLINK_IsHalted() -- CPU_ReadMem(4 bytes @ 0x41002100)  returns FALSE (0001ms, 56642ms total)
T405CC 3604:588 JLINK_IsHalted() -- CPU_ReadMem(4 bytes @ 0x41002100)  returns FALSE (0001ms, 56642ms total)
T405CC 3604:789 JLINK_IsHalted() -- CPU_ReadMem(4 bytes @ 0x41002100)  returns FALSE (0001ms, 56642ms total)
T405CC 3604:990 JLINK_IsHalted() -- CPU_ReadMem(4 bytes @ 0x41002100)  returns FALSE (0001ms, 56642ms total)
T405CC 3605:192 JLINK_IsHalted() -- CPU_ReadMem(4 bytes @ 0x41002100)  returns FALSE (0000ms, 56641ms total)
T405CC 3605:393 JLINK_IsHalted() -- CPU_ReadMem(4 bytes @ 0x41002100)  returns FALSE (0000ms, 56641ms total)
T405CC 3605:594 JLINK_IsHalted() -- CPU_ReadMem(4 bytes @ 0x41002100)  returns FALSE (0001ms, 56642ms total)
T405CC 3605:797 JLINK_IsHalted() -- CPU_ReadMem(4 bytes @ 0x41002100)  returns FALSE (0001ms, 56642ms total)
T405CC 3605:998 JLINK_IsHalted() -- CPU_ReadMem(4 bytes @ 0x41002100)  returns FALSE (0000ms, 56641ms total)
T405CC 3606:199 JLINK_IsHalted() -- CPU_ReadMem(4 bytes @ 0x41002100)  returns FALSE (0001ms, 56642ms total)
T405CC 3606:401 JLINK_IsHalted() -- CPU_ReadMem(4 bytes @ 0x41002100)  returns FALSE (0000ms, 56641ms total)
T405CC 3606:601 JLINK_IsHalted() -- CPU_ReadMem(4 bytes @ 0x41002100)  returns FALSE (0001ms, 56642ms total)
T405CC 3606:802 JLINK_IsHalted() -- CPU_ReadMem(4 bytes @ 0x41002100)  returns FALSE (0001ms, 56642ms total)
T405CC 3607:003 JLINK_IsHalted() -- CPU_ReadMem(4 bytes @ 0x41002100)  returns FALSE (0000ms, 56641ms total)
T405CC 3607:204 JLINK_IsHalted() -- CPU_ReadMem(4 bytes @ 0x41002100)  returns FALSE (0000ms, 56641ms total)
T405CC 3607:405 JLINK_IsHalted() -- CPU_ReadMem(4 bytes @ 0x41002100)  returns FALSE (0000ms, 56641ms total)
T405CC 3607:605 JLINK_IsHalted() -- CPU_ReadMem(4 bytes @ 0x41002100)  returns FALSE (0001ms, 56642ms total)
T405CC 3607:806 JLINK_IsHalted() -- CPU_ReadMem(4 bytes @ 0x41002100)  returns FALSE (0001ms, 56642ms total)
T405CC 3608:007 JLINK_IsHalted() -- CPU_ReadMem(4 bytes @ 0x41002100)  returns FALSE (0000ms, 56641ms total)
T405CC 3608:209 JLINK_IsHalted() -- CPU_ReadMem(4 bytes @ 0x41002100)  returns FALSE (0001ms, 56642ms total)
T405CC 3608:411 JLINK_IsHalted() -- CPU_ReadMem(4 bytes @ 0x41002100)  returns FALSE (0000ms, 56641ms total)
T405CC 3608:611 JLINK_IsHalted() -- CPU_ReadMem(4 bytes @ 0x41002100)  returns FALSE (0001ms, 56642ms total)
T405CC 3608:814 JLINK_IsHalted() -- CPU_ReadMem(4 bytes @ 0x41002100)  returns FALSE (0000ms, 56641ms total)
T405CC 3609:014 JLINK_IsHalted() -- CPU_ReadMem(4 bytes @ 0x41002100)  returns FALSE (0001ms, 56642ms total)
T405CC 3609:216 JLINK_IsHalted() -- CPU_ReadMem(4 bytes @ 0x41002100)  returns FALSE (0001ms, 56642ms total)
T405CC 3609:418 JLINK_IsHalted() -- CPU_ReadMem(4 bytes @ 0x41002100)  returns FALSE (0000ms, 56641ms total)
T405CC 3609:619 JLINK_IsHalted() -- CPU_ReadMem(4 bytes @ 0x41002100)  returns FALSE (0001ms, 56642ms total)
T405CC 3609:821 JLINK_IsHalted() -- CPU_ReadMem(4 bytes @ 0x41002100)  returns FALSE (0001ms, 56642ms total)
T405CC 3610:023 JLINK_IsHalted() -- CPU_ReadMem(4 bytes @ 0x41002100)  returns FALSE (0000ms, 56641ms total)
T405CC 3610:224 JLINK_IsHalted() -- CPU_ReadMem(4 bytes @ 0x41002100)  returns FALSE (0000ms, 56641ms total)
T405CC 3610:426 JLINK_IsHalted() -- CPU_ReadMem(4 bytes @ 0x41002100)  returns FALSE (0000ms, 56641ms total)
T405CC 3610:627 JLINK_IsHalted() -- CPU_ReadMem(4 bytes @ 0x41002100)  returns FALSE (0000ms, 56641ms total)
T405CC 3610:828 JLINK_IsHalted() -- CPU_ReadMem(4 bytes @ 0x41002100)  returns FALSE (0001ms, 56642ms total)
T405CC 3611:029 JLINK_IsHalted() -- CPU_ReadMem(4 bytes @ 0x41002100)  returns FALSE (0001ms, 56642ms total)
T405CC 3611:230 JLINK_IsHalted() -- CPU_ReadMem(4 bytes @ 0x41002100)  returns FALSE (0000ms, 56641ms total)
T405CC 3611:432 JLINK_IsHalted() -- CPU_ReadMem(4 bytes @ 0x41002100)  returns FALSE (0000ms, 56641ms total)
T405CC 3611:632 JLINK_IsHalted() -- CPU_ReadMem(4 bytes @ 0x41002100)  returns FALSE (0001ms, 56642ms total)
T405CC 3611:833 JLINK_IsHalted() -- CPU_ReadMem(4 bytes @ 0x41002100)  returns FALSE (0001ms, 56642ms total)
T405CC 3612:034 JLINK_IsHalted() -- CPU_ReadMem(4 bytes @ 0x41002100)  returns FALSE (0001ms, 56642ms total)
T405CC 3612:235 JLINK_IsHalted() -- CPU_ReadMem(4 bytes @ 0x41002100)  returns FALSE (0001ms, 56642ms total)
T405CC 3612:437 JLINK_IsHalted() -- CPU_ReadMem(4 bytes @ 0x41002100)  returns FALSE (0000ms, 56641ms total)
T405CC 3612:639 JLINK_IsHalted() -- CPU_ReadMem(4 bytes @ 0x41002100)  returns FALSE (0001ms, 56642ms total)
T405CC 3612:840 JLINK_IsHalted() -- CPU_ReadMem(4 bytes @ 0x41002100)  returns FALSE (0000ms, 56641ms total)
T405CC 3613:041 JLINK_IsHalted() -- CPU_ReadMem(4 bytes @ 0x41002100)  returns FALSE (0001ms, 56642ms total)
T405CC 3613:242 JLINK_IsHalted() -- CPU_ReadMem(4 bytes @ 0x41002100)  returns FALSE (0000ms, 56641ms total)
T405CC 3613:443 JLINK_IsHalted() -- CPU_ReadMem(4 bytes @ 0x41002100)  returns FALSE (0001ms, 56642ms total)
T405CC 3613:644 JLINK_IsHalted() -- CPU_ReadMem(4 bytes @ 0x41002100)  returns FALSE (0001ms, 56642ms total)
T405CC 3613:845 JLINK_IsHalted() -- CPU_ReadMem(4 bytes @ 0x41002100)  returns FALSE (0001ms, 56642ms total)
T405CC 3614:046 JLINK_IsHalted() -- CPU_ReadMem(4 bytes @ 0x41002100)  returns FALSE (0001ms, 56642ms total)
T405CC 3614:250 JLINK_IsHalted() -- CPU_ReadMem(4 bytes @ 0x41002100)  returns FALSE (0001ms, 56643ms total)
T405CC 3614:451 JLINK_IsHalted() -- CPU_ReadMem(4 bytes @ 0x41002100)  returns FALSE (0000ms, 56642ms total)
T405CC 3614:652 JLINK_IsHalted() -- CPU_ReadMem(4 bytes @ 0x41002100)  returns FALSE (0001ms, 56643ms total)
T405CC 3614:853 JLINK_IsHalted() -- CPU_ReadMem(4 bytes @ 0x41002100)  returns FALSE (0000ms, 56642ms total)
T405CC 3615:055 JLINK_IsHalted() -- CPU_ReadMem(4 bytes @ 0x41002100)  returns FALSE (0001ms, 56643ms total)
T405CC 3615:256 JLINK_IsHalted() -- CPU_ReadMem(4 bytes @ 0x41002100)  returns FALSE (0001ms, 56643ms total)
T405CC 3615:457 JLINK_IsHalted() -- CPU_ReadMem(4 bytes @ 0x41002100)  returns FALSE (0001ms, 56643ms total)
T405CC 3615:659 JLINK_IsHalted() -- CPU_ReadMem(4 bytes @ 0x41002100)  returns FALSE (0001ms, 56643ms total)
T405CC 3615:860 JLINK_IsHalted() -- CPU_ReadMem(4 bytes @ 0x41002100)  returns FALSE (0001ms, 56643ms total)
T405CC 3616:061 JLINK_IsHalted() -- CPU_ReadMem(4 bytes @ 0x41002100)  returns FALSE (0001ms, 56643ms total)
T405CC 3616:262 JLINK_IsHalted() -- CPU_ReadMem(4 bytes @ 0x41002100)  returns FALSE (0001ms, 56643ms total)
T405CC 3616:466 JLINK_IsHalted() -- CPU_ReadMem(4 bytes @ 0x41002100)  returns FALSE (0001ms, 56643ms total)
T405CC 3616:667 JLINK_IsHalted() -- CPU_ReadMem(4 bytes @ 0x41002100)  returns FALSE (0001ms, 56643ms total)
T405CC 3616:869 JLINK_IsHalted() -- CPU_ReadMem(4 bytes @ 0x41002100)  returns FALSE (0000ms, 56642ms total)
T405CC 3617:070 JLINK_IsHalted() -- CPU_ReadMem(4 bytes @ 0x41002100)  returns FALSE (0001ms, 56643ms total)
T405CC 3617:271 JLINK_IsHalted() -- CPU_ReadMem(4 bytes @ 0x41002100)  returns FALSE (0000ms, 56642ms total)
T405CC 3617:472 JLINK_IsHalted() -- CPU_ReadMem(4 bytes @ 0x41002100)  returns FALSE (0000ms, 56642ms total)
T405CC 3617:674 JLINK_IsHalted() -- CPU_ReadMem(4 bytes @ 0x41002100)  returns FALSE (0000ms, 56642ms total)
T405CC 3617:877 JLINK_IsHalted() -- CPU_ReadMem(4 bytes @ 0x41002100)  returns FALSE (0000ms, 56642ms total)
T405CC 3618:081 JLINK_IsHalted() -- CPU_ReadMem(4 bytes @ 0x41002100)  returns FALSE (0000ms, 56642ms total)
T405CC 3618:282 JLINK_IsHalted() -- CPU_ReadMem(4 bytes @ 0x41002100)  returns FALSE (0000ms, 56642ms total)
T405CC 3618:482 JLINK_IsHalted() -- CPU_ReadMem(4 bytes @ 0x41002100)  returns FALSE (0001ms, 56643ms total)
T405CC 3618:684 JLINK_IsHalted() -- CPU_ReadMem(4 bytes @ 0x41002100)  returns FALSE (0000ms, 56642ms total)
T405CC 3618:885 JLINK_IsHalted() -- CPU_ReadMem(4 bytes @ 0x41002100)  returns FALSE (0001ms, 56643ms total)
T405CC 3619:089 JLINK_IsHalted() -- CPU_ReadMem(4 bytes @ 0x41002100)  returns FALSE (0000ms, 56642ms total)
T405CC 3619:289 JLINK_IsHalted() -- CPU_ReadMem(4 bytes @ 0x41002100)  returns FALSE (0001ms, 56643ms total)
T405CC 3619:490 JLINK_IsHalted() -- CPU_ReadMem(4 bytes @ 0x41002100)  returns FALSE (0001ms, 56644ms total)
T405CC 3619:692 JLINK_IsHalted() -- CPU_ReadMem(4 bytes @ 0x41002100)  returns FALSE (0001ms, 56644ms total)
T405CC 3619:893 JLINK_IsHalted() -- CPU_ReadMem(4 bytes @ 0x41002100)  returns FALSE (0000ms, 56644ms total)
T405CC 3620:093 JLINK_IsHalted() -- CPU_ReadMem(4 bytes @ 0x41002100)  returns FALSE (0001ms, 56645ms total)
T405CC 3620:295 JLINK_IsHalted() -- CPU_ReadMem(4 bytes @ 0x41002100)  returns FALSE (0000ms, 56644ms total)
T405CC 3620:496 JLINK_IsHalted() -- CPU_ReadMem(4 bytes @ 0x41002100)  returns FALSE (0000ms, 56644ms total)
T405CC 3620:700 JLINK_IsHalted() -- CPU_ReadMem(4 bytes @ 0x41002100)  returns FALSE (0000ms, 56644ms total)
T405CC 3620:901 JLINK_IsHalted() -- CPU_ReadMem(4 bytes @ 0x41002100)  returns FALSE (0000ms, 56644ms total)
T405CC 3621:104 JLINK_IsHalted() -- CPU_ReadMem(4 bytes @ 0x41002100)  returns FALSE (0001ms, 56645ms total)
T405CC 3621:305 JLINK_IsHalted() -- CPU_ReadMem(4 bytes @ 0x41002100)  returns FALSE (0001ms, 56645ms total)
T405CC 3621:508 JLINK_IsHalted() -- CPU_ReadMem(4 bytes @ 0x41002100)  returns FALSE (0001ms, 56645ms total)
T405CC 3621:709 JLINK_IsHalted() -- CPU_ReadMem(4 bytes @ 0x41002100)  returns FALSE (0000ms, 56644ms total)
T405CC 3621:909 JLINK_IsHalted() -- CPU_ReadMem(4 bytes @ 0x41002100)  returns FALSE (0001ms, 56645ms total)
T405CC 3622:110 JLINK_IsHalted() -- CPU_ReadMem(4 bytes @ 0x41002100)  returns FALSE (0000ms, 56644ms total)
T405CC 3622:313 JLINK_IsHalted() -- CPU_ReadMem(4 bytes @ 0x41002100)  returns FALSE (0000ms, 56644ms total)
T405CC 3622:514 JLINK_IsHalted() -- CPU_ReadMem(4 bytes @ 0x41002100)  returns FALSE (0001ms, 56645ms total)
T405CC 3622:720 JLINK_IsHalted() -- CPU_ReadMem(4 bytes @ 0x41002100)  returns FALSE (0001ms, 56645ms total)
T405CC 3622:922 JLINK_IsHalted() -- CPU_ReadMem(4 bytes @ 0x41002100)  returns FALSE (0001ms, 56645ms total)
T405CC 3623:124 JLINK_IsHalted() -- CPU_ReadMem(4 bytes @ 0x41002100)  returns FALSE (0000ms, 56644ms total)
T405CC 3623:326 JLINK_IsHalted() -- CPU_ReadMem(4 bytes @ 0x41002100)  returns FALSE (0000ms, 56644ms total)
T405CC 3623:527 JLINK_IsHalted() -- CPU_ReadMem(4 bytes @ 0x41002100)  returns FALSE (0000ms, 56644ms total)
T405CC 3623:728 JLINK_IsHalted() -- CPU_ReadMem(4 bytes @ 0x41002100)  returns FALSE (0001ms, 56645ms total)
T405CC 3623:929 JLINK_IsHalted() -- CPU_ReadMem(4 bytes @ 0x41002100)  returns FALSE (0001ms, 56645ms total)
T405CC 3624:130 JLINK_IsHalted() -- CPU_ReadMem(4 bytes @ 0x41002100)  returns FALSE (0000ms, 56644ms total)
T405CC 3624:333 JLINK_IsHalted() -- CPU_ReadMem(4 bytes @ 0x41002100)  returns FALSE (0001ms, 56645ms total)
T405CC 3624:534 JLINK_IsHalted() -- CPU_ReadMem(4 bytes @ 0x41002100)  returns FALSE (0001ms, 56645ms total)
T405CC 3624:735 JLINK_IsHalted() -- CPU_ReadMem(4 bytes @ 0x41002100)  returns FALSE (0001ms, 56645ms total)
T405CC 3624:936 JLINK_IsHalted() -- CPU_ReadMem(4 bytes @ 0x41002100)  returns FALSE (0001ms, 56646ms total)
T405CC 3625:137 JLINK_IsHalted() -- CPU_ReadMem(4 bytes @ 0x41002100)  returns FALSE (0001ms, 56646ms total)
T405CC 3625:339 JLINK_IsHalted() -- CPU_ReadMem(4 bytes @ 0x41002100)  returns FALSE (0001ms, 56646ms total)
T405CC 3625:540 JLINK_IsHalted() -- CPU_ReadMem(4 bytes @ 0x41002100)  returns FALSE (0001ms, 56647ms total)
T405CC 3625:741 JLINK_IsHalted() -- CPU_ReadMem(4 bytes @ 0x41002100)  returns FALSE (0000ms, 56647ms total)
T405CC 3625:942 JLINK_IsHalted() -- CPU_ReadMem(4 bytes @ 0x41002100)  returns FALSE (0000ms, 56647ms total)
T405CC 3626:143 JLINK_IsHalted() -- CPU_ReadMem(4 bytes @ 0x41002100)  returns FALSE (0000ms, 56647ms total)
T405CC 3626:344 JLINK_IsHalted() -- CPU_ReadMem(4 bytes @ 0x41002100)  returns FALSE (0001ms, 56648ms total)
T405CC 3626:546 JLINK_IsHalted() -- CPU_ReadMem(4 bytes @ 0x41002100)  returns FALSE (0000ms, 56647ms total)
T405CC 3626:747 JLINK_IsHalted() -- CPU_ReadMem(4 bytes @ 0x41002100)  returns FALSE (0000ms, 56647ms total)
T405CC 3626:948 JLINK_IsHalted() -- CPU_ReadMem(4 bytes @ 0x41002100)  returns FALSE (0001ms, 56648ms total)
T405CC 3627:150 JLINK_IsHalted() -- CPU_ReadMem(4 bytes @ 0x41002100)  returns FALSE (0000ms, 56647ms total)
T405CC 3627:351 JLINK_IsHalted() -- CPU_ReadMem(4 bytes @ 0x41002100)  returns FALSE (0000ms, 56647ms total)
T405CC 3627:551 JLINK_IsHalted() -- CPU_ReadMem(4 bytes @ 0x41002100)  returns FALSE (0001ms, 56648ms total)
T405CC 3627:752 JLINK_IsHalted() -- CPU_ReadMem(4 bytes @ 0x41002100)  returns FALSE (0001ms, 56648ms total)
T405CC 3627:957 JLINK_IsHalted() -- CPU_ReadMem(4 bytes @ 0x41002100)  returns FALSE (0001ms, 56648ms total)
T405CC 3628:161 JLINK_IsHalted() -- CPU_ReadMem(4 bytes @ 0x41002100)  returns FALSE (0000ms, 56647ms total)
T405CC 3628:362 JLINK_IsHalted() -- CPU_ReadMem(4 bytes @ 0x41002100)  returns FALSE (0000ms, 56647ms total)
T405CC 3628:563 JLINK_IsHalted() -- CPU_ReadMem(4 bytes @ 0x41002100)  returns FALSE (0001ms, 56648ms total)
T405CC 3628:766 JLINK_IsHalted() -- CPU_ReadMem(4 bytes @ 0x41002100)  returns FALSE (0000ms, 56647ms total)
T405CC 3628:966 JLINK_IsHalted() -- CPU_ReadMem(4 bytes @ 0x41002100)  returns FALSE (0001ms, 56648ms total)
T405CC 3629:169 JLINK_IsHalted() -- CPU_ReadMem(4 bytes @ 0x41002100)  returns FALSE (0001ms, 56648ms total)
T405CC 3629:377 JLINK_IsHalted() -- CPU_ReadMem(4 bytes @ 0x41002100)  returns FALSE (0000ms, 56647ms total)
T405CC 3629:579 JLINK_IsHalted() -- CPU_ReadMem(4 bytes @ 0x41002100)  returns FALSE (0000ms, 56647ms total)
T405CC 3629:780 JLINK_IsHalted() -- CPU_ReadMem(4 bytes @ 0x41002100)  returns FALSE (0001ms, 56648ms total)
T405CC 3629:981 JLINK_IsHalted() -- CPU_ReadMem(4 bytes @ 0x41002100)  returns FALSE (0001ms, 56648ms total)
T405CC 3630:182 JLINK_IsHalted() -- CPU_ReadMem(4 bytes @ 0x41002100)  returns FALSE (0001ms, 56648ms total)
T405CC 3630:383 JLINK_IsHalted() -- CPU_ReadMem(4 bytes @ 0x41002100)  returns FALSE (0001ms, 56648ms total)
T405CC 3630:584 JLINK_IsHalted() -- CPU_ReadMem(4 bytes @ 0x41002100)  returns FALSE (0001ms, 56648ms total)
T405CC 3630:785 JLINK_IsHalted() -- CPU_ReadMem(4 bytes @ 0x41002100)  returns FALSE (0001ms, 56648ms total)
T405CC 3630:987 JLINK_IsHalted() -- CPU_ReadMem(4 bytes @ 0x41002100)  returns FALSE (0001ms, 56648ms total)
T405CC 3631:188 JLINK_IsHalted() -- CPU_ReadMem(4 bytes @ 0x41002100)  returns FALSE (0001ms, 56648ms total)
T405CC 3631:389 JLINK_IsHalted() -- CPU_ReadMem(4 bytes @ 0x41002100)  returns FALSE (0000ms, 56647ms total)
T405CC 3631:590 JLINK_IsHalted() -- CPU_ReadMem(4 bytes @ 0x41002100)  returns FALSE (0001ms, 56648ms total)
T405CC 3631:796 JLINK_IsHalted() -- CPU_ReadMem(4 bytes @ 0x41002100)  returns FALSE (0000ms, 56647ms total)
T405CC 3631:996 JLINK_IsHalted() -- CPU_ReadMem(4 bytes @ 0x41002100)  returns FALSE (0001ms, 56648ms total)
T405CC 3632:197 JLINK_IsHalted() -- CPU_ReadMem(4 bytes @ 0x41002100)  returns FALSE (0001ms, 56648ms total)
T405CC 3632:399 JLINK_IsHalted() -- CPU_ReadMem(4 bytes @ 0x41002100)  returns FALSE (0001ms, 56648ms total)
T405CC 3632:602 JLINK_IsHalted() -- CPU_ReadMem(4 bytes @ 0x41002100)  returns FALSE (0001ms, 56648ms total)
T405CC 3632:804 JLINK_IsHalted() -- CPU_ReadMem(4 bytes @ 0x41002100)  returns FALSE (0001ms, 56648ms total)
T405CC 3633:007 JLINK_IsHalted() -- CPU_ReadMem(4 bytes @ 0x41002100)  returns FALSE (0001ms, 56648ms total)
T405CC 3633:208 JLINK_IsHalted() -- CPU_ReadMem(4 bytes @ 0x41002100)  returns FALSE (0001ms, 56648ms total)
T405CC 3633:409 JLINK_IsHalted() -- CPU_ReadMem(4 bytes @ 0x41002100)  returns FALSE (0000ms, 56647ms total)
T405CC 3633:610 JLINK_IsHalted() -- CPU_ReadMem(4 bytes @ 0x41002100)  returns FALSE (0001ms, 56648ms total)
T405CC 3633:811 JLINK_IsHalted() -- CPU_ReadMem(4 bytes @ 0x41002100)  returns FALSE (0001ms, 56648ms total)
T405CC 3634:014 JLINK_IsHalted() -- CPU_ReadMem(4 bytes @ 0x41002100)  returns FALSE (0000ms, 56647ms total)
T405CC 3634:215 JLINK_IsHalted() -- CPU_ReadMem(4 bytes @ 0x41002100)  returns FALSE (0001ms, 56648ms total)
T405CC 3634:418 JLINK_IsHalted() -- CPU_ReadMem(4 bytes @ 0x41002100)  returns FALSE (0000ms, 56647ms total)
T405CC 3634:622 JLINK_IsHalted() -- CPU_ReadMem(4 bytes @ 0x41002100)  returns FALSE (0001ms, 56648ms total)
T405CC 3634:824 JLINK_IsHalted() -- CPU_ReadMem(4 bytes @ 0x41002100)  returns FALSE (0001ms, 56648ms total)
T405CC 3635:025 JLINK_IsHalted() -- CPU_ReadMem(4 bytes @ 0x41002100)  returns FALSE (0001ms, 56648ms total)
T405CC 3635:226 JLINK_IsHalted() -- CPU_ReadMem(4 bytes @ 0x41002100)  returns FALSE (0001ms, 56649ms total)
T405CC 3635:428 JLINK_IsHalted() -- CPU_ReadMem(4 bytes @ 0x41002100)  returns FALSE (0000ms, 56648ms total)
T405CC 3635:629 JLINK_IsHalted() -- CPU_ReadMem(4 bytes @ 0x41002100)  returns FALSE (0000ms, 56648ms total)
T405CC 3635:829 JLINK_IsHalted() -- CPU_ReadMem(4 bytes @ 0x41002100)  returns FALSE (0001ms, 56649ms total)
T405CC 3636:030 JLINK_IsHalted() -- CPU_ReadMem(4 bytes @ 0x41002100)  returns FALSE (0001ms, 56649ms total)
T405CC 3636:231 JLINK_IsHalted() -- CPU_ReadMem(4 bytes @ 0x41002100)  returns FALSE (0001ms, 56649ms total)
T405CC 3636:433 JLINK_IsHalted() -- CPU_ReadMem(4 bytes @ 0x41002100)  returns FALSE (0001ms, 56649ms total)
T405CC 3636:635 JLINK_IsHalted() -- CPU_ReadMem(4 bytes @ 0x41002100)  returns FALSE (0001ms, 56649ms total)
T405CC 3636:836 JLINK_IsHalted() -- CPU_ReadMem(4 bytes @ 0x41002100)  returns FALSE (0001ms, 56649ms total)
T405CC 3637:037 JLINK_IsHalted() -- CPU_ReadMem(4 bytes @ 0x41002100)  returns FALSE (0000ms, 56648ms total)
T405CC 3637:237 JLINK_IsHalted() -- CPU_ReadMem(4 bytes @ 0x41002100)  returns FALSE (0001ms, 56649ms total)
T405CC 3637:438 JLINK_IsHalted() -- CPU_ReadMem(4 bytes @ 0x41002100)  returns FALSE (0001ms, 56649ms total)
T405CC 3637:639 JLINK_IsHalted() -- CPU_ReadMem(4 bytes @ 0x41002100)  returns FALSE (0000ms, 56648ms total)
T405CC 3637:840 JLINK_IsHalted() -- CPU_ReadMem(4 bytes @ 0x41002100)  returns FALSE (0000ms, 56648ms total)
T405CC 3638:041 JLINK_IsHalted() -- CPU_ReadMem(4 bytes @ 0x41002100)  returns FALSE (0000ms, 56648ms total)
T405CC 3638:242 JLINK_IsHalted() -- CPU_ReadMem(4 bytes @ 0x41002100)  returns FALSE (0001ms, 56649ms total)
T405CC 3638:445 JLINK_IsHalted() -- CPU_ReadMem(4 bytes @ 0x41002100)  returns FALSE (0000ms, 56648ms total)
T405CC 3638:646 JLINK_IsHalted() -- CPU_ReadMem(4 bytes @ 0x41002100)  returns FALSE (0000ms, 56648ms total)
T405CC 3638:847 JLINK_IsHalted() -- CPU_ReadMem(4 bytes @ 0x41002100)  returns FALSE (0001ms, 56649ms total)
T405CC 3639:049 JLINK_IsHalted() -- CPU_ReadMem(4 bytes @ 0x41002100)  returns FALSE (0000ms, 56648ms total)
T405CC 3639:252 JLINK_IsHalted() -- CPU_ReadMem(4 bytes @ 0x41002100)  returns FALSE (0000ms, 56648ms total)
T405CC 3639:453 JLINK_IsHalted() -- CPU_ReadMem(4 bytes @ 0x41002100)  returns FALSE (0000ms, 56648ms total)
T405CC 3639:654 JLINK_IsHalted() -- CPU_ReadMem(4 bytes @ 0x41002100)  returns FALSE (0001ms, 56649ms total)
T405CC 3639:855 JLINK_IsHalted() -- CPU_ReadMem(4 bytes @ 0x41002100)  returns FALSE (0000ms, 56648ms total)
T405CC 3640:056 JLINK_IsHalted() -- CPU_ReadMem(4 bytes @ 0x41002100)  returns FALSE (0000ms, 56648ms total)
T405CC 3640:257 JLINK_IsHalted() -- CPU_ReadMem(4 bytes @ 0x41002100)  returns FALSE (0000ms, 56648ms total)
T405CC 3640:463 JLINK_IsHalted() -- CPU_ReadMem(4 bytes @ 0x41002100)  returns FALSE (0000ms, 56648ms total)
T405CC 3640:664 JLINK_IsHalted() -- CPU_ReadMem(4 bytes @ 0x41002100)  returns FALSE (0000ms, 56648ms total)
T405CC 3640:867 JLINK_IsHalted() -- CPU_ReadMem(4 bytes @ 0x41002100)  returns FALSE (0000ms, 56648ms total)
T405CC 3641:068 JLINK_IsHalted() -- CPU_ReadMem(4 bytes @ 0x41002100)  returns FALSE (0001ms, 56649ms total)
T405CC 3641:269 JLINK_IsHalted() -- CPU_ReadMem(4 bytes @ 0x41002100)  returns FALSE (0000ms, 56648ms total)
T405CC 3641:470 JLINK_IsHalted() -- CPU_ReadMem(4 bytes @ 0x41002100)  returns FALSE (0001ms, 56649ms total)
T405CC 3641:671 JLINK_IsHalted() -- CPU_ReadMem(4 bytes @ 0x41002100)  returns FALSE (0001ms, 56649ms total)
T405CC 3641:873 JLINK_IsHalted() -- CPU_ReadMem(4 bytes @ 0x41002100)  returns FALSE (0000ms, 56648ms total)
T405CC 3642:075 JLINK_IsHalted() -- CPU_ReadMem(4 bytes @ 0x41002100)  returns FALSE (0000ms, 56648ms total)
T405CC 3642:276 JLINK_IsHalted() -- CPU_ReadMem(4 bytes @ 0x41002100)  returns FALSE (0001ms, 56649ms total)
T405CC 3642:477 JLINK_IsHalted() -- CPU_ReadMem(4 bytes @ 0x41002100)  returns FALSE (0001ms, 56650ms total)
T405CC 3642:678 JLINK_IsHalted() -- CPU_ReadMem(4 bytes @ 0x41002100)  returns FALSE (0001ms, 56650ms total)
T405CC 3642:880 JLINK_IsHalted() -- CPU_ReadMem(4 bytes @ 0x41002100)  returns FALSE (0000ms, 56649ms total)
T405CC 3643:081 JLINK_IsHalted() -- CPU_ReadMem(4 bytes @ 0x41002100)  returns FALSE (0000ms, 56649ms total)
T405CC 3643:282 JLINK_IsHalted() -- CPU_ReadMem(4 bytes @ 0x41002100)  returns FALSE (0000ms, 56649ms total)
T405CC 3643:483 JLINK_IsHalted() -- CPU_ReadMem(4 bytes @ 0x41002100)  returns FALSE (0000ms, 56649ms total)
T405CC 3643:684 JLINK_IsHalted() -- CPU_ReadMem(4 bytes @ 0x41002100)  returns FALSE (0000ms, 56649ms total)
T405CC 3643:885 JLINK_IsHalted() -- CPU_ReadMem(4 bytes @ 0x41002100)  returns FALSE (0001ms, 56650ms total)
T405CC 3644:087 JLINK_IsHalted() -- CPU_ReadMem(4 bytes @ 0x41002100)  returns FALSE (0001ms, 56650ms total)
T405CC 3644:288 JLINK_IsHalted() -- CPU_ReadMem(4 bytes @ 0x41002100)  returns FALSE (0000ms, 56649ms total)
T405CC 3644:489 JLINK_IsHalted() -- CPU_ReadMem(4 bytes @ 0x41002100)  returns FALSE (0001ms, 56650ms total)
T405CC 3644:690 JLINK_IsHalted() -- CPU_ReadMem(4 bytes @ 0x41002100)  returns FALSE (0001ms, 56650ms total)
T405CC 3644:892 JLINK_IsHalted() -- CPU_ReadMem(4 bytes @ 0x41002100)  returns FALSE (0000ms, 56649ms total)
T405CC 3645:093 JLINK_IsHalted() -- CPU_ReadMem(4 bytes @ 0x41002100)  returns FALSE (0001ms, 56650ms total)
T405CC 3645:294 JLINK_IsHalted() -- CPU_ReadMem(4 bytes @ 0x41002100)  returns FALSE (0000ms, 56649ms total)
T405CC 3645:495 JLINK_IsHalted() -- CPU_ReadMem(4 bytes @ 0x41002100)  returns FALSE (0000ms, 56649ms total)
T405CC 3645:696 JLINK_IsHalted() -- CPU_ReadMem(4 bytes @ 0x41002100)  returns FALSE (0000ms, 56649ms total)
T405CC 3645:896 JLINK_IsHalted() -- CPU_ReadMem(4 bytes @ 0x41002100)  returns FALSE (0001ms, 56650ms total)
T405CC 3646:098 JLINK_IsHalted() -- CPU_ReadMem(4 bytes @ 0x41002100)  returns FALSE (0000ms, 56649ms total)
T405CC 3646:299 JLINK_IsHalted() -- CPU_ReadMem(4 bytes @ 0x41002100)  returns FALSE (0000ms, 56649ms total)
T405CC 3646:500 JLINK_IsHalted() -- CPU_ReadMem(4 bytes @ 0x41002100)  returns FALSE (0000ms, 56649ms total)
T405CC 3646:702 JLINK_IsHalted() -- CPU_ReadMem(4 bytes @ 0x41002100)  returns FALSE (0001ms, 56650ms total)
T405CC 3646:904 JLINK_IsHalted() -- CPU_ReadMem(4 bytes @ 0x41002100)  returns FALSE (0000ms, 56649ms total)
T405CC 3647:105 JLINK_IsHalted() -- CPU_ReadMem(4 bytes @ 0x41002100)  returns FALSE (0001ms, 56650ms total)
T405CC 3647:308 JLINK_IsHalted() -- CPU_ReadMem(4 bytes @ 0x41002100)  returns FALSE (0000ms, 56650ms total)
T405CC 3647:509 JLINK_IsHalted() -- CPU_ReadMem(4 bytes @ 0x41002100)  returns FALSE (0000ms, 56650ms total)
T405CC 3647:709 JLINK_IsHalted() -- CPU_ReadMem(4 bytes @ 0x41002100)  returns FALSE (0001ms, 56651ms total)
T405CC 3647:911 JLINK_IsHalted() -- CPU_ReadMem(4 bytes @ 0x41002100)  returns FALSE (0000ms, 56650ms total)
T405CC 3648:112 JLINK_IsHalted() -- CPU_ReadMem(4 bytes @ 0x41002100)  returns FALSE (0001ms, 56651ms total)
T405CC 3648:313 JLINK_IsHalted() -- CPU_ReadMem(4 bytes @ 0x41002100)  returns FALSE (0001ms, 56651ms total)
T405CC 3648:515 JLINK_IsHalted() -- CPU_ReadMem(4 bytes @ 0x41002100)  returns FALSE (0000ms, 56650ms total)
T405CC 3648:717 JLINK_IsHalted() -- CPU_ReadMem(4 bytes @ 0x41002100)  returns FALSE (0001ms, 56651ms total)
T405CC 3648:919 JLINK_IsHalted() -- CPU_ReadMem(4 bytes @ 0x41002100)  returns FALSE (0000ms, 56650ms total)
T405CC 3649:120 JLINK_IsHalted() -- CPU_ReadMem(4 bytes @ 0x41002100)  returns FALSE (0000ms, 56650ms total)
T405CC 3649:322 JLINK_IsHalted() -- CPU_ReadMem(4 bytes @ 0x41002100)  returns FALSE (0001ms, 56651ms total)
T405CC 3649:525 JLINK_IsHalted() -- CPU_ReadMem(4 bytes @ 0x41002100)  returns FALSE (0001ms, 56651ms total)
T405CC 3649:728 JLINK_IsHalted() -- CPU_ReadMem(4 bytes @ 0x41002100)  returns FALSE (0001ms, 56651ms total)
T405CC 3649:930 JLINK_IsHalted() -- CPU_ReadMem(4 bytes @ 0x41002100)  returns FALSE (0001ms, 56651ms total)
T405CC 3650:131 JLINK_IsHalted() -- CPU_ReadMem(4 bytes @ 0x41002100)  returns FALSE (0001ms, 56651ms total)
T405CC 3650:334 JLINK_IsHalted() -- CPU_ReadMem(4 bytes @ 0x41002100)  returns FALSE (0000ms, 56650ms total)
T405CC 3650:538 JLINK_IsHalted() -- CPU_ReadMem(4 bytes @ 0x41002100)  returns FALSE (0000ms, 56650ms total)
T405CC 3650:738 JLINK_IsHalted() -- CPU_ReadMem(4 bytes @ 0x41002100)  returns FALSE (0001ms, 56651ms total)
T405CC 3650:943 JLINK_IsHalted() -- CPU_ReadMem(4 bytes @ 0x41002100)  returns FALSE (0001ms, 56651ms total)
T405CC 3651:144 JLINK_IsHalted() -- CPU_ReadMem(4 bytes @ 0x41002100)  returns FALSE (0001ms, 56651ms total)
T405CC 3651:345 JLINK_IsHalted() -- CPU_ReadMem(4 bytes @ 0x41002100)  returns FALSE (0000ms, 56650ms total)
T405CC 3651:546 JLINK_IsHalted() -- CPU_ReadMem(4 bytes @ 0x41002100)  returns FALSE (0001ms, 56651ms total)
T405CC 3651:747 JLINK_IsHalted() -- CPU_ReadMem(4 bytes @ 0x41002100)  returns FALSE (0000ms, 56650ms total)
T405CC 3651:948 JLINK_IsHalted() -- CPU_ReadMem(4 bytes @ 0x41002100)  returns FALSE (0000ms, 56650ms total)
T405CC 3652:148 JLINK_IsHalted() -- CPU_ReadMem(4 bytes @ 0x41002100)  returns FALSE (0001ms, 56651ms total)
T405CC 3652:349 JLINK_IsHalted() -- CPU_ReadMem(4 bytes @ 0x41002100)  returns FALSE (0001ms, 56651ms total)
T405CC 3652:550 JLINK_IsHalted() -- CPU_ReadMem(4 bytes @ 0x41002100)  returns FALSE (0000ms, 56650ms total)
T405CC 3652:751 JLINK_IsHalted() -- CPU_ReadMem(4 bytes @ 0x41002100)  returns FALSE (0000ms, 56650ms total)
T405CC 3652:953 JLINK_IsHalted() -- CPU_ReadMem(4 bytes @ 0x41002100)  returns FALSE (0001ms, 56651ms total)
T405CC 3653:154 JLINK_IsHalted() -- CPU_ReadMem(4 bytes @ 0x41002100)  returns FALSE (0000ms, 56651ms total)
T405CC 3653:355 JLINK_IsHalted() -- CPU_ReadMem(4 bytes @ 0x41002100)  returns FALSE (0000ms, 56651ms total)
T405CC 3653:557 JLINK_IsHalted() -- CPU_ReadMem(4 bytes @ 0x41002100)  returns FALSE (0001ms, 56652ms total)
T405CC 3653:759 JLINK_IsHalted() -- CPU_ReadMem(4 bytes @ 0x41002100)  returns FALSE (0000ms, 56651ms total)
T405CC 3653:961 JLINK_IsHalted() -- CPU_ReadMem(4 bytes @ 0x41002100)  returns FALSE (0000ms, 56651ms total)
T405CC 3654:162 JLINK_IsHalted() -- CPU_ReadMem(4 bytes @ 0x41002100)  returns FALSE (0000ms, 56651ms total)
T405CC 3654:363 JLINK_IsHalted() -- CPU_ReadMem(4 bytes @ 0x41002100)  returns FALSE (0000ms, 56651ms total)
T405CC 3654:564 JLINK_IsHalted() -- CPU_ReadMem(4 bytes @ 0x41002100)  returns FALSE (0000ms, 56651ms total)
T405CC 3654:765 JLINK_IsHalted() -- CPU_ReadMem(4 bytes @ 0x41002100)  returns FALSE (0000ms, 56651ms total)
T405CC 3654:966 JLINK_IsHalted() -- CPU_ReadMem(4 bytes @ 0x41002100)  returns FALSE (0000ms, 56651ms total)
T405CC 3655:169 JLINK_IsHalted() -- CPU_ReadMem(4 bytes @ 0x41002100)  returns FALSE (0001ms, 56652ms total)
T405CC 3655:371 JLINK_IsHalted() -- CPU_ReadMem(4 bytes @ 0x41002100)  returns FALSE (0001ms, 56652ms total)
T405CC 3655:573 JLINK_IsHalted() -- CPU_ReadMem(4 bytes @ 0x41002100)  returns FALSE (0001ms, 56652ms total)
T405CC 3655:775 JLINK_IsHalted() -- CPU_ReadMem(4 bytes @ 0x41002100)  returns FALSE (0000ms, 56651ms total)
T405CC 3655:976 JLINK_IsHalted() -- CPU_ReadMem(4 bytes @ 0x41002100)  returns FALSE (0000ms, 56651ms total)
T405CC 3656:178 JLINK_IsHalted() -- CPU_ReadMem(4 bytes @ 0x41002100)  returns FALSE (0000ms, 56651ms total)
T405CC 3656:380 JLINK_IsHalted() -- CPU_ReadMem(4 bytes @ 0x41002100)  returns FALSE (0000ms, 56651ms total)
T405CC 3656:581 JLINK_IsHalted() -- CPU_ReadMem(4 bytes @ 0x41002100)  returns FALSE (0001ms, 56652ms total)
T405CC 3656:782 JLINK_IsHalted() -- CPU_ReadMem(4 bytes @ 0x41002100)  returns FALSE (0000ms, 56651ms total)
T405CC 3656:983 JLINK_IsHalted() -- CPU_ReadMem(4 bytes @ 0x41002100)  returns FALSE (0001ms, 56652ms total)
T405CC 3657:187 JLINK_IsHalted() -- CPU_ReadMem(4 bytes @ 0x41002100)  returns FALSE (0000ms, 56651ms total)
T405CC 3657:389 JLINK_IsHalted() -- CPU_ReadMem(4 bytes @ 0x41002100)  returns FALSE (0001ms, 56652ms total)
T405CC 3657:591 JLINK_IsHalted() -- CPU_ReadMem(4 bytes @ 0x41002100)  returns FALSE (0000ms, 56651ms total)
T405CC 3657:794 JLINK_IsHalted() -- CPU_ReadMem(4 bytes @ 0x41002100)  returns FALSE (0000ms, 56651ms total)
T405CC 3657:997 JLINK_IsHalted() -- CPU_ReadMem(4 bytes @ 0x41002100)  returns FALSE (0000ms, 56651ms total)
T405CC 3658:197 JLINK_IsHalted() -- CPU_ReadMem(4 bytes @ 0x41002100)  returns FALSE (0001ms, 56652ms total)
T405CC 3658:398 JLINK_IsHalted() -- CPU_ReadMem(4 bytes @ 0x41002100)  returns FALSE (0001ms, 56652ms total)
T405CC 3658:599 JLINK_IsHalted() -- CPU_ReadMem(4 bytes @ 0x41002100)  returns FALSE (0001ms, 56652ms total)
T405CC 3658:805 JLINK_IsHalted() -- CPU_ReadMem(4 bytes @ 0x41002100)  returns FALSE (0001ms, 56652ms total)
T405CC 3659:007 JLINK_IsHalted() -- CPU_ReadMem(4 bytes @ 0x41002100)  returns FALSE (0000ms, 56651ms total)
T405CC 3659:208 JLINK_IsHalted() -- CPU_ReadMem(4 bytes @ 0x41002100)  returns FALSE (0001ms, 56652ms total)
T405CC 3659:411 JLINK_IsHalted() -- CPU_ReadMem(4 bytes @ 0x41002100)  returns FALSE (0000ms, 56651ms total)
T405CC 3659:615 JLINK_IsHalted() -- CPU_ReadMem(4 bytes @ 0x41002100)  returns FALSE (0000ms, 56651ms total)
T405CC 3659:816 JLINK_IsHalted() -- CPU_ReadMem(4 bytes @ 0x41002100)  returns FALSE (0000ms, 56651ms total)
T405CC 3660:020 JLINK_IsHalted() -- CPU_ReadMem(4 bytes @ 0x41002100)  returns FALSE (0001ms, 56652ms total)
T405CC 3660:222 JLINK_IsHalted() -- CPU_ReadMem(4 bytes @ 0x41002100)  returns FALSE (0000ms, 56651ms total)
T405CC 3660:424 JLINK_IsHalted() -- CPU_ReadMem(4 bytes @ 0x41002100)  returns FALSE (0000ms, 56651ms total)
T405CC 3660:625 JLINK_IsHalted() -- CPU_ReadMem(4 bytes @ 0x41002100)  returns FALSE (0001ms, 56652ms total)
